#
# A fatal error has been detected by the Java Runtime Environment:
#
#  SIGSEGV (0xb) at pc=0x000000012f470acb, pid=86952, tid=36355
#
# JRE version: Java(TM) SE Runtime Environment (13.0.1+9) (build 13.0.1+9)
# Java VM: Java HotSpot(TM) 64-Bit Server VM (13.0.1+9, mixed mode, sharing, tiered, compressed oops, g1 gc, bsd-amd64)
# Problematic frame:
# C  [libtesseract.dylib+0x17acb]  tesseract::Tesseract::recog_all_words(PAGE_RES*, ETEXT_DESC*, TBOX const*, char const*, int)+0xaf
#
# No core dump will be written. Core dumps have been disabled. To enable core dumping, try "ulimit -c unlimited" before starting Java again
#
# If you would like to submit a bug report, please visit:
#   http://bugreport.java.com/bugreport/crash.jsp
# The crash happened outside the Java Virtual Machine in native code.
# See problematic frame for where to report the bug.
#

---------------  S U M M A R Y ------------

Command Line: -Dfile.encoding=UTF-8 com.Anthony.server.ServerApplication

Host: MacBookPro14,1 x86_64 2300 MHz, 4 cores, 8G, Darwin 18.7.0
Time: Wed May  6 14:21:38 2020 PDT elapsed time: 40 seconds (0d 0h 0m 40s)

---------------  T H R E A D  ---------------

Current thread (0x00007faa4ee05000):  JavaThread "http-nio-8080-exec-1" daemon [_thread_in_native, id=36355, stack(0x000070000aaec000,0x000070000abec000)]

Stack: [0x000070000aaec000,0x000070000abec000],  sp=0x000070000abe7010,  free space=1004k
Native frames: (J=compiled Java code, A=aot compiled Java code, j=interpreted, Vv=VM code, C=native code)
C  [libtesseract.dylib+0x17acb]  tesseract::Tesseract::recog_all_words(PAGE_RES*, ETEXT_DESC*, TBOX const*, char const*, int)+0xaf
C  [libtesseract.dylib+0x46a7]  tesseract::TessBaseAPI::Recognize(ETEXT_DESC*)+0x379
C  [libtesseract.dylib+0x3645]  tesseract::TessBaseAPI::GetUTF8Text()+0x2b
C  [jna16948319782133099929.tmp+0xdef4]  ffi_call_unix64+0x4c

Java frames: (J=compiled Java code, j=interpreted, Vv=VM code)
j  com.sun.jna.Native.invokePointer(Lcom/sun/jna/Function;JI[Ljava/lang/Object;)J+0
j  com.sun.jna.Function.invokePointer(I[Ljava/lang/Object;)Lcom/sun/jna/Pointer;+7
j  com.sun.jna.Function.invoke([Ljava/lang/Object;Ljava/lang/Class;ZI)Ljava/lang/Object;+385
j  com.sun.jna.Function.invoke(Ljava/lang/reflect/Method;[Ljava/lang/Class;Ljava/lang/Class;[Ljava/lang/Object;Ljava/util/Map;)Ljava/lang/Object;+271
j  com.sun.jna.Library$Handler.invoke(Ljava/lang/Object;Ljava/lang/reflect/Method;[Ljava/lang/Object;)Ljava/lang/Object;+344
j  com.sun.proxy.$Proxy81.TessBaseAPIGetUTF8Text(Lnet/sourceforge/tess4j/ITessAPI$TessBaseAPI;)Lcom/sun/jna/Pointer;+16
j  net.sourceforge.tess4j.Tesseract.getOCRText(Ljava/lang/String;I)Ljava/lang/String;+62
j  net.sourceforge.tess4j.Tesseract.doOCR(Ljava/util/List;Ljava/lang/String;Ljava/awt/Rectangle;)Ljava/lang/String;+69
j  net.sourceforge.tess4j.Tesseract.doOCR(Ljava/util/List;Ljava/awt/Rectangle;)Ljava/lang/String;+4
j  net.sourceforge.tess4j.Tesseract.doOCR(Ljava/awt/image/BufferedImage;Ljava/awt/Rectangle;)Ljava/lang/String;+6
j  net.sourceforge.tess4j.Tesseract.doOCR(Ljava/awt/image/BufferedImage;)Ljava/lang/String;+3
j  com.Anthony.server.api.OcrController.DoOCR(Ljava/lang/String;Lorg/springframework/web/multipart/MultipartFile;)Ljava/lang/String;+111
v  ~StubRoutines::call_stub
J 2272  jdk.internal.reflect.NativeMethodAccessorImpl.invoke0(Ljava/lang/reflect/Method;Ljava/lang/Object;[Ljava/lang/Object;)Ljava/lang/Object; java.base@13.0.1 (0 bytes) @ 0x0000000123b53547 [0x0000000123b534c0+0x0000000000000087]
J 2271 c1 jdk.internal.reflect.NativeMethodAccessorImpl.invoke(Ljava/lang/Object;[Ljava/lang/Object;)Ljava/lang/Object; java.base@13.0.1 (104 bytes) @ 0x000000011c9b299c [0x000000011c9b1cc0+0x0000000000000cdc]
J 2070 c1 jdk.internal.reflect.DelegatingMethodAccessorImpl.invoke(Ljava/lang/Object;[Ljava/lang/Object;)Ljava/lang/Object; java.base@13.0.1 (10 bytes) @ 0x000000011c928274 [0x000000011c928140+0x0000000000000134]
J 2312 c1 java.lang.reflect.Method.invoke(Ljava/lang/Object;[Ljava/lang/Object;)Ljava/lang/Object; java.base@13.0.1 (65 bytes) @ 0x000000011c9cf4ec [0x000000011c9cf180+0x000000000000036c]
j  org.springframework.web.method.support.InvocableHandlerMethod.doInvoke([Ljava/lang/Object;)Ljava/lang/Object;+16
j  org.springframework.web.method.support.InvocableHandlerMethod.invokeForRequest(Lorg/springframework/web/context/request/NativeWebRequest;Lorg/springframework/web/method/support/ModelAndViewContainer;[Ljava/lang/Object;)Ljava/lang/Object;+56
j  org.springframework.web.servlet.mvc.method.annotation.ServletInvocableHandlerMethod.invokeAndHandle(Lorg/springframework/web/context/request/ServletWebRequest;Lorg/springframework/web/method/support/ModelAndViewContainer;[Ljava/lang/Object;)V+4
j  org.springframework.web.servlet.mvc.method.annotation.RequestMappingHandlerAdapter.invokeHandlerMethod(Ljavax/servlet/http/HttpServletRequest;Ljavax/servlet/http/HttpServletResponse;Lorg/springframework/web/method/HandlerMethod;)Lorg/springframework/web/servlet/ModelAndView;+244
j  org.springframework.web.servlet.mvc.method.annotation.RequestMappingHandlerAdapter.handleInternal(Ljavax/servlet/http/HttpServletRequest;Ljavax/servlet/http/HttpServletResponse;Lorg/springframework/web/method/HandlerMethod;)Lorg/springframework/web/servlet/ModelAndView;+81
j  org.springframework.web.servlet.mvc.method.AbstractHandlerMethodAdapter.handle(Ljavax/servlet/http/HttpServletRequest;Ljavax/servlet/http/HttpServletResponse;Ljava/lang/Object;)Lorg/springframework/web/servlet/ModelAndView;+7
j  org.springframework.web.servlet.DispatcherServlet.doDispatch(Ljavax/servlet/http/HttpServletRequest;Ljavax/servlet/http/HttpServletResponse;)V+257
j  org.springframework.web.servlet.DispatcherServlet.doService(Ljavax/servlet/http/HttpServletRequest;Ljavax/servlet/http/HttpServletResponse;)V+212
j  org.springframework.web.servlet.FrameworkServlet.processRequest(Ljavax/servlet/http/HttpServletRequest;Ljavax/servlet/http/HttpServletResponse;)V+71
j  org.springframework.web.servlet.FrameworkServlet.doPost(Ljavax/servlet/http/HttpServletRequest;Ljavax/servlet/http/HttpServletResponse;)V+3
j  javax.servlet.http.HttpServlet.service(Ljavax/servlet/http/HttpServletRequest;Ljavax/servlet/http/HttpServletResponse;)V+149
j  org.springframework.web.servlet.FrameworkServlet.service(Ljavax/servlet/http/HttpServletRequest;Ljavax/servlet/http/HttpServletResponse;)V+33
j  javax.servlet.http.HttpServlet.service(Ljavax/servlet/ServletRequest;Ljavax/servlet/ServletResponse;)V+36
j  org.apache.catalina.core.ApplicationFilterChain.internalDoFilter(Ljavax/servlet/ServletRequest;Ljavax/servlet/ServletResponse;)V+304
j  org.apache.catalina.core.ApplicationFilterChain.doFilter(Ljavax/servlet/ServletRequest;Ljavax/servlet/ServletResponse;)V+101
j  org.apache.tomcat.websocket.server.WsFilter.doFilter(Ljavax/servlet/ServletRequest;Ljavax/servlet/ServletResponse;Ljavax/servlet/FilterChain;)V+21
j  org.apache.catalina.core.ApplicationFilterChain.internalDoFilter(Ljavax/servlet/ServletRequest;Ljavax/servlet/ServletResponse;)V+135
j  org.apache.catalina.core.ApplicationFilterChain.doFilter(Ljavax/servlet/ServletRequest;Ljavax/servlet/ServletResponse;)V+101
j  org.springframework.web.filter.OncePerRequestFilter.doFilter(Ljavax/servlet/ServletRequest;Ljavax/servlet/ServletResponse;Ljavax/servlet/FilterChain;)V+122
j  org.apache.catalina.core.ApplicationFilterChain.internalDoFilter(Ljavax/servlet/ServletRequest;Ljavax/servlet/ServletResponse;)V+135
j  org.apache.catalina.core.ApplicationFilterChain.doFilter(Ljavax/servlet/ServletRequest;Ljavax/servlet/ServletResponse;)V+101
j  org.springframework.security.web.FilterChainProxy$VirtualFilterChain.doFilter(Ljavax/servlet/ServletRequest;Ljavax/servlet/ServletResponse;)V+68
j  org.springframework.security.web.access.intercept.FilterSecurityInterceptor.invoke(Lorg/springframework/security/web/FilterInvocation;)V+94
j  org.springframework.security.web.access.intercept.FilterSecurityInterceptor.doFilter(Ljavax/servlet/ServletRequest;Ljavax/servlet/ServletResponse;Ljavax/servlet/FilterChain;)V+15
j  org.springframework.security.web.FilterChainProxy$VirtualFilterChain.doFilter(Ljavax/servlet/ServletRequest;Ljavax/servlet/ServletResponse;)V+192
j  org.springframework.security.web.access.ExceptionTranslationFilter.doFilter(Ljavax/servlet/ServletRequest;Ljavax/servlet/ServletResponse;Ljavax/servlet/FilterChain;)V+17
j  org.springframework.security.web.FilterChainProxy$VirtualFilterChain.doFilter(Ljavax/servlet/ServletRequest;Ljavax/servlet/ServletResponse;)V+192
j  org.springframework.security.web.session.SessionManagementFilter.doFilter(Ljavax/servlet/ServletRequest;Ljavax/servlet/ServletResponse;Ljavax/servlet/FilterChain;)V+258
j  org.springframework.security.web.FilterChainProxy$VirtualFilterChain.doFilter(Ljavax/servlet/ServletRequest;Ljavax/servlet/ServletResponse;)V+192
j  org.springframework.security.web.authentication.AnonymousAuthenticationFilter.doFilter(Ljavax/servlet/ServletRequest;Ljavax/servlet/ServletResponse;Ljavax/servlet/FilterChain;)V+137
j  org.springframework.security.web.FilterChainProxy$VirtualFilterChain.doFilter(Ljavax/servlet/ServletRequest;Ljavax/servlet/ServletResponse;)V+192
j  org.springframework.security.web.servletapi.SecurityContextHolderAwareRequestFilter.doFilter(Ljavax/servlet/ServletRequest;Ljavax/servlet/ServletResponse;Ljavax/servlet/FilterChain;)V+19
j  org.springframework.security.web.FilterChainProxy$VirtualFilterChain.doFilter(Ljavax/servlet/ServletRequest;Ljavax/servlet/ServletResponse;)V+192
j  org.springframework.security.web.savedrequest.RequestCacheAwareFilter.doFilter(Ljavax/servlet/ServletRequest;Ljavax/servlet/ServletResponse;Ljavax/servlet/FilterChain;)V+32
j  org.springframework.security.web.FilterChainProxy$VirtualFilterChain.doFilter(Ljavax/servlet/ServletRequest;Ljavax/servlet/ServletResponse;)V+192
j  com.Anthony.server.jwt.filters.JwtRequestFilter.doFilterInternal(Ljavax/servlet/http/HttpServletRequest;Ljavax/servlet/http/HttpServletResponse;Ljavax/servlet/FilterChain;)V+176
j  org.springframework.web.filter.OncePerRequestFilter.doFilter(Ljavax/servlet/ServletRequest;Ljavax/servlet/ServletResponse;Ljavax/servlet/FilterChain;)V+147
j  org.springframework.security.web.FilterChainProxy$VirtualFilterChain.doFilter(Ljavax/servlet/ServletRequest;Ljavax/servlet/ServletResponse;)V+192
j  org.springframework.security.web.authentication.logout.LogoutFilter.doFilter(Ljavax/servlet/ServletRequest;Ljavax/servlet/ServletResponse;Ljavax/servlet/FilterChain;)V+115
j  org.springframework.security.web.FilterChainProxy$VirtualFilterChain.doFilter(Ljavax/servlet/ServletRequest;Ljavax/servlet/ServletResponse;)V+192
j  org.springframework.web.filter.CorsFilter.doFilterInternal(Ljavax/servlet/http/HttpServletRequest;Ljavax/servlet/http/HttpServletResponse;Ljavax/servlet/FilterChain;)V+43
j  org.springframework.web.filter.OncePerRequestFilter.doFilter(Ljavax/servlet/ServletRequest;Ljavax/servlet/ServletResponse;Ljavax/servlet/FilterChain;)V+147
j  org.springframework.security.web.FilterChainProxy$VirtualFilterChain.doFilter(Ljavax/servlet/ServletRequest;Ljavax/servlet/ServletResponse;)V+192
j  org.springframework.security.web.header.HeaderWriterFilter.doHeadersAfter(Ljavax/servlet/http/HttpServletRequest;Ljavax/servlet/http/HttpServletResponse;Ljavax/servlet/FilterChain;)V+29
j  org.springframework.security.web.header.HeaderWriterFilter.doFilterInternal(Ljavax/servlet/http/HttpServletRequest;Ljavax/servlet/http/HttpServletResponse;Ljavax/servlet/FilterChain;)V+21
j  org.springframework.web.filter.OncePerRequestFilter.doFilter(Ljavax/servlet/ServletRequest;Ljavax/servlet/ServletResponse;Ljavax/servlet/FilterChain;)V+147
j  org.springframework.security.web.FilterChainProxy$VirtualFilterChain.doFilter(Ljavax/servlet/ServletRequest;Ljavax/servlet/ServletResponse;)V+192
j  org.springframework.security.web.context.SecurityContextPersistenceFilter.doFilter(Ljavax/servlet/ServletRequest;Ljavax/servlet/ServletResponse;Ljavax/servlet/FilterChain;)V+165
j  org.springframework.security.web.FilterChainProxy$VirtualFilterChain.doFilter(Ljavax/servlet/ServletRequest;Ljavax/servlet/ServletResponse;)V+192
j  org.springframework.security.web.context.request.async.WebAsyncManagerIntegrationFilter.doFilterInternal(Ljavax/servlet/http/HttpServletRequest;Ljavax/servlet/http/HttpServletResponse;Ljavax/servlet/FilterChain;)V+42
j  org.springframework.web.filter.OncePerRequestFilter.doFilter(Ljavax/servlet/ServletRequest;Ljavax/servlet/ServletResponse;Ljavax/servlet/FilterChain;)V+147
j  org.springframework.security.web.FilterChainProxy$VirtualFilterChain.doFilter(Ljavax/servlet/ServletRequest;Ljavax/servlet/ServletResponse;)V+192
j  org.springframework.security.web.FilterChainProxy.doFilterInternal(Ljavax/servlet/ServletRequest;Ljavax/servlet/ServletResponse;Ljavax/servlet/FilterChain;)V+142
j  org.springframework.security.web.FilterChainProxy.doFilter(Ljavax/servlet/ServletRequest;Ljavax/servlet/ServletResponse;Ljavax/servlet/FilterChain;)V+40
j  org.springframework.web.filter.DelegatingFilterProxy.invokeDelegate(Ljavax/servlet/Filter;Ljavax/servlet/ServletRequest;Ljavax/servlet/ServletResponse;Ljavax/servlet/FilterChain;)V+5
j  org.springframework.web.filter.DelegatingFilterProxy.doFilter(Ljavax/servlet/ServletRequest;Ljavax/servlet/ServletResponse;Ljavax/servlet/FilterChain;)V+85
j  org.apache.catalina.core.ApplicationFilterChain.internalDoFilter(Ljavax/servlet/ServletRequest;Ljavax/servlet/ServletResponse;)V+135
j  org.apache.catalina.core.ApplicationFilterChain.doFilter(Ljavax/servlet/ServletRequest;Ljavax/servlet/ServletResponse;)V+101
j  org.springframework.web.filter.RequestContextFilter.doFilterInternal(Ljavax/servlet/http/HttpServletRequest;Ljavax/servlet/http/HttpServletResponse;Ljavax/servlet/FilterChain;)V+21
j  org.springframework.web.filter.OncePerRequestFilter.doFilter(Ljavax/servlet/ServletRequest;Ljavax/servlet/ServletResponse;Ljavax/servlet/FilterChain;)V+147
j  org.apache.catalina.core.ApplicationFilterChain.internalDoFilter(Ljavax/servlet/ServletRequest;Ljavax/servlet/ServletResponse;)V+135
j  org.apache.catalina.core.ApplicationFilterChain.doFilter(Ljavax/servlet/ServletRequest;Ljavax/servlet/ServletResponse;)V+101
j  org.springframework.web.filter.FormContentFilter.doFilterInternal(Ljavax/servlet/http/HttpServletRequest;Ljavax/servlet/http/HttpServletResponse;Ljavax/servlet/FilterChain;)V+38
j  org.springframework.web.filter.OncePerRequestFilter.doFilter(Ljavax/servlet/ServletRequest;Ljavax/servlet/ServletResponse;Ljavax/servlet/FilterChain;)V+147
j  org.apache.catalina.core.ApplicationFilterChain.internalDoFilter(Ljavax/servlet/ServletRequest;Ljavax/servlet/ServletResponse;)V+135
j  org.apache.catalina.core.ApplicationFilterChain.doFilter(Ljavax/servlet/ServletRequest;Ljavax/servlet/ServletResponse;)V+101
j  org.springframework.web.filter.CharacterEncodingFilter.doFilterInternal(Ljavax/servlet/http/HttpServletRequest;Ljavax/servlet/http/HttpServletResponse;Ljavax/servlet/FilterChain;)V+53
j  org.springframework.web.filter.OncePerRequestFilter.doFilter(Ljavax/servlet/ServletRequest;Ljavax/servlet/ServletResponse;Ljavax/servlet/FilterChain;)V+147
j  org.apache.catalina.core.ApplicationFilterChain.internalDoFilter(Ljavax/servlet/ServletRequest;Ljavax/servlet/ServletResponse;)V+135
j  org.apache.catalina.core.ApplicationFilterChain.doFilter(Ljavax/servlet/ServletRequest;Ljavax/servlet/ServletResponse;)V+101
j  org.apache.catalina.core.StandardWrapperValve.invoke(Lorg/apache/catalina/connector/Request;Lorg/apache/catalina/connector/Response;)V+694
j  org.apache.catalina.core.StandardContextValve.invoke(Lorg/apache/catalina/connector/Request;Lorg/apache/catalina/connector/Response;)V+166
j  org.apache.catalina.authenticator.AuthenticatorBase.invoke(Lorg/apache/catalina/connector/Request;Lorg/apache/catalina/connector/Response;)V+260
j  org.apache.catalina.core.StandardHostValve.invoke(Lorg/apache/catalina/connector/Request;Lorg/apache/catalina/connector/Response;)V+114
j  org.apache.catalina.valves.ErrorReportValve.invoke(Lorg/apache/catalina/connector/Request;Lorg/apache/catalina/connector/Response;)V+6
j  org.apache.catalina.core.StandardEngineValve.invoke(Lorg/apache/catalina/connector/Request;Lorg/apache/catalina/connector/Response;)V+45
j  org.apache.catalina.connector.CoyoteAdapter.service(Lorg/apache/coyote/Request;Lorg/apache/coyote/Response;)V+199
j  org.apache.coyote.http11.Http11Processor.service(Lorg/apache/tomcat/util/net/SocketWrapperBase;)Lorg/apache/tomcat/util/net/AbstractEndpoint$Handler$SocketState;+727
j  org.apache.coyote.AbstractProcessorLight.process(Lorg/apache/tomcat/util/net/SocketWrapperBase;Lorg/apache/tomcat/util/net/SocketEvent;)Lorg/apache/tomcat/util/net/AbstractEndpoint$Handler$SocketState;+170
j  org.apache.coyote.AbstractProtocol$ConnectionHandler.process(Lorg/apache/tomcat/util/net/SocketWrapperBase;Lorg/apache/tomcat/util/net/SocketEvent;)Lorg/apache/tomcat/util/net/AbstractEndpoint$Handler$SocketState;+505
j  org.apache.tomcat.util.net.NioEndpoint$SocketProcessor.doRun()V+221
j  org.apache.tomcat.util.net.SocketProcessorBase.run()V+21
j  java.util.concurrent.ThreadPoolExecutor.runWorker(Ljava/util/concurrent/ThreadPoolExecutor$Worker;)V+92 java.base@13.0.1
j  java.util.concurrent.ThreadPoolExecutor$Worker.run()V+5 java.base@13.0.1
j  org.apache.tomcat.util.threads.TaskThread$WrappingRunnable.run()V+4
j  java.lang.Thread.run()V+11 java.base@13.0.1
v  ~StubRoutines::call_stub

siginfo: si_signo: 11 (SIGSEGV), si_code: 1 (SEGV_MAPERR), si_addr: 0x000000000000000c

Register to memory mapping:

RAX=0x0 is NULL
RBX=0x00007faa4f4a5790 points into unknown readable memory: 00 00 00 00 00 00 00 00
RCX=0x0 is NULL
RDX=0x00007faa4fac3470 points into unknown readable memory: 40 f2 ac 4f aa 7f 00 00
RSP=0x000070000abe7010 is pointing into the stack for thread: 0x00007faa4ee05000
RBP=0x000070000abe71d0 is pointing into the stack for thread: 0x00007faa4ee05000
RSI=0x0 is NULL
RDI=0x000070000abe70c8 is pointing into the stack for thread: 0x00007faa4ee05000
R8 =0x0 is NULL
R9 =0x0 is NULL
R10=0x00007faa4fa00000 points into unknown readable memory: 02 00 19 00 ca 89 43 6f
R11=0x00000000000132d0 is an unknown value
R12=0x0 is NULL
R13=0x000000012d026000 points into unknown readable memory: 20 db 62 2f 01 00 00 00
R14=0x0 is NULL
R15=0x0 is NULL


Registers:
RAX=0x0000000000000000, RBX=0x00007faa4f4a5790, RCX=0x0000000000000000, RDX=0x00007faa4fac3470
RSP=0x000070000abe7010, RBP=0x000070000abe71d0, RSI=0x0000000000000000, RDI=0x000070000abe70c8
R8 =0x0000000000000000, R9 =0x0000000000000000, R10=0x00007faa4fa00000, R11=0x00000000000132d0
R12=0x0000000000000000, R13=0x000000012d026000, R14=0x0000000000000000, R15=0x0000000000000000
RIP=0x000000012f470acb, EFLAGS=0x0000000000010246, ERR=0x0000000000000004
  TRAPNO=0x000000000000000e

Top of Stack: (sp=0x000070000abe7010)
0x000070000abe7010:   00007faa4facbef0 00007faa4f4a5790
0x000070000abe7020:   0000000000000000 0000000000000000
0x000070000abe7030:   0000000000000000 00007faa4facb0f0
0x000070000abe7040:   00007faa4cc34fe0 00007faa4cc34fb0
0x000070000abe7050:   00007faa4facaa30 00007faa4fac3470
0x000070000abe7060:   00007faa4cc34fb0 00007faa4f4a5798
0x000070000abe7070:   00007faa4cc34fb0 00007faa4cc34fb0
0x000070000abe7080:   00007faa4cc34fb0 00007faa4cc34fb0
0x000070000abe7090:   00007faa4c000000 00007faa4cc34fd8
0x000070000abe70a0:   00007faa4cc34fe0 00007faa4fac3470
0x000070000abe70b0:   00007faa4facf240 00007faa4cc34fe0
0x000070000abe70c0:   000070000a010000 00007faa4fac3490
0x000070000abe70d0:   00007faa4facaa30 00007faa4fac34a0
0x000070000abe70e0:   00007faa4facc080 00007faa4facaa30
0x000070000abe70f0:   000070000a010000 00007faa4cc35000
0x000070000abe7100:   00007faa4fac2660 00007faa4facb0f0
0x000070000abe7110:   00007faa4ccc1110 00007faa4facb0f0
0x000070000abe7120:   0000000000000000 00007faa4fac3490
0x000070000abe7130:   00007faa4facd870 00007faa4facaa30
0x000070000abe7140:   00007faa4fac34a0 00007faa4facaa30
0x000070000abe7150:   000070000a000000 000000012f45ba05
0x000070000abe7160:   00007faa4f57a3d0 000000012f60a754
0x000070000abe7170:   000000012d026150 00007faa4f9c7a20
0x000070000abe7180:   00007faa4f9c7a20 000000012d026000
0x000070000abe7190:   0000000000000000 0000000000000000
0x000070000abe71a0:   00007faa4f4a5790 000070000abe7201
0x000070000abe71b0:   00007faa4f9c7a20 000000012d026000
0x000070000abe71c0:   00000000ffffffff 0000000000000000
0x000070000abe71d0:   000070000abe7240 000000012f45d6a7
0x000070000abe71e0:   0000000000000016 00000007818082f0
0x000070000abe71f0:   000070000abe7210 000000010c9a90c7
0x000070000abe7200:   000070000abe7220 000000010c9a9181 

Instructions: (pc=0x000000012f470acb)
0x000000012f4709cb:   00 48 8d bd 20 ff ff ff e8 40 2c ff ff 48 89 df
0x000000012f4709db:   e8 e0 ad 14 00 0f 0b 48 89 c7 e8 66 ad fe ff 48
0x000000012f4709eb:   89 c7 e8 5e ad fe ff 48 89 c7 e8 56 ad fe ff 48
0x000000012f4709fb:   89 c7 e8 4e ad fe ff 48 89 c7 e8 46 ad fe ff 48
0x000000012f470a0b:   89 c7 e8 3e ad fe ff 48 89 c7 e8 36 ad fe ff 90
0x000000012f470a1b:   90 55 48 89 e5 41 57 41 56 41 55 41 54 53 48 81
0x000000012f470a2b:   ec 98 01 00 00 45 89 ce 4c 89 45 c0 49 89 cc 49
0x000000012f470a3b:   89 d7 48 89 f3 49 89 fd 31 c0 48 8d bd 48 fe ff
0x000000012f470a4b:   ff 48 89 47 50 48 89 87 80 00 00 00 48 89 87 b0
0x000000012f470a5b:   00 00 00 48 89 87 e0 00 00 00 48 89 87 10 01 00
0x000000012f470a6b:   00 48 89 37 31 f6 e8 6a fa 11 00 41 80 bd e2 21
0x000000012f470a7b:   02 00 00 74 10 b0 01 41 88 85 02 22 02 00 41 88
0x000000012f470a8b:   85 12 30 02 00 41 83 fe 01 4c 89 65 c8 0f 87 04
0x000000012f470a9b:   02 00 00 48 89 5d d0 48 8d bd 48 fe ff ff 31 f6
0x000000012f470aab:   e8 30 fa 11 00 41 83 bd 08 14 00 00 00 7e 0a 4c
0x000000012f470abb:   89 ef e8 e6 97 0b 00 eb 15 49 8b 85 b0 09 00 00
0x000000012f470acb:   80 78 0c 00 74 08 4c 89 ef e8 43 98 0b 00 41 83
0x000000012f470adb:   bd d8 44 02 00 00 7e 3e 31 db 49 8b 85 e0 44 02
0x000000012f470aeb:   00 48 8b 3c d8 83 bf 08 14 00 00 00 7e 07 e8 aa
0x000000012f470afb:   97 0b 00 eb 12 48 8b 87 b0 09 00 00 80 78 0c 00
0x000000012f470b0b:   74 05 e8 0a 98 0b 00 48 ff c3 49 63 85 d8 44 02
0x000000012f470b1b:   00 48 39 c3 7c c4 44 89 75 bc 4c 8d 75 98 49 c7
0x000000012f470b2b:   06 00 00 00 00 4c 89 f7 be 04 00 00 00 e8 e1 58
0x000000012f470b3b:   00 00 4c 89 ef be 01 00 00 00 4c 89 e2 48 8b 4d
0x000000012f470b4b:   c0 48 8b 5d d0 49 89 d8 4d 89 f1 e8 17 f3 ff ff
0x000000012f470b5b:   41 83 bd d4 35 02 00 00 74 0c 48 8d 75 98 4c 89
0x000000012f470b6b:   ef e8 0f 0a 03 00 4c 8d 45 98 41 8b 00 41 89 85
0x000000012f470b7b:   c0 44 02 00 41 c7 85 c4 44 02 00 00 00 00 00 66
0x000000012f470b8b:   41 c7 85 bc 44 02 00 00 00 49 c7 85 b4 44 02 00
0x000000012f470b9b:   00 00 00 00 4d 89 ad f8 44 02 00 48 8d 8d 48 fe
0x000000012f470bab:   ff ff 4c 89 ef be 01 00 00 00 4c 89 fa e8 4b f5
0x000000012f470bbb:   ff ff 84 c0 0f 84 b7 00 00 00 48 8d bd 48 fe ff 


Stack slot to memory mapping:
stack at sp + 0 slots: 0x00007faa4facbef0 points into unknown readable memory: a0 be ac 4f aa 7f 00 00
stack at sp + 1 slots: 0x00007faa4f4a5790 points into unknown readable memory: 00 00 00 00 00 00 00 00
stack at sp + 2 slots: 0x0 is NULL
stack at sp + 3 slots: 0x0 is NULL
stack at sp + 4 slots: 0x0 is NULL
stack at sp + 5 slots: 0x00007faa4facb0f0 points into unknown readable memory: 10 11 cc 4c aa 7f 00 00
stack at sp + 6 slots: 0x00007faa4cc34fe0 points into unknown readable memory: 70 34 ac 4f aa 7f 00 00
stack at sp + 7 slots: 0x00007faa4cc34fb0 points into unknown readable memory: b0 4f c3 4c aa 7f 00 00


---------------  P R O C E S S  ---------------

Threads class SMR info:
_java_thread_list=0x00007faa4f9ba3f0, length=30, elements={
0x00007faa4d86a000, 0x00007faa4d81a800, 0x00007faa4e043000, 0x00007faa4e040000,
0x00007faa4d00b800, 0x00007faa4d00c000, 0x00007faa4d00d000, 0x00007faa4e001000,
0x00007faa4df9a800, 0x00007faa4eafe800, 0x00007faa4d163000, 0x00007faa4ecc6800,
0x00007faa4d165000, 0x00007faa4ee05000, 0x00007faa4d101800, 0x00007faa4ee06000,
0x00007faa4ee03000, 0x00007faa4ee09000, 0x00007faa4e72d000, 0x00007faa4ee09800,
0x00007faa4e72c000, 0x00007faa4ee0a800, 0x00007faa4e72e000, 0x00007faa4df9d800,
0x00007faa4d104800, 0x00007faa4d102000, 0x00007faa4e002000, 0x00007faa4edc1000,
0x00007faa4d896000, 0x00007faa4edbd800
}

Java Threads: ( => current thread )
  0x00007faa4d86a000 JavaThread "Reference Handler" daemon [_thread_blocked, id=15107, stack(0x00007000099b9000,0x0000700009ab9000)]
  0x00007faa4d81a800 JavaThread "Finalizer" daemon [_thread_blocked, id=15619, stack(0x0000700009abc000,0x0000700009bbc000)]
  0x00007faa4e043000 JavaThread "Signal Dispatcher" daemon [_thread_blocked, id=22019, stack(0x0000700009bbf000,0x0000700009cbf000)]
  0x00007faa4e040000 JavaThread "C2 CompilerThread0" daemon [_thread_blocked, id=22275, stack(0x0000700009cc2000,0x0000700009dc2000)]
  0x00007faa4d00b800 JavaThread "C1 CompilerThread0" daemon [_thread_blocked, id=42243, stack(0x0000700009dc5000,0x0000700009ec5000)]
  0x00007faa4d00c000 JavaThread "Sweeper thread" daemon [_thread_blocked, id=41731, stack(0x0000700009ec8000,0x0000700009fc8000)]
  0x00007faa4d00d000 JavaThread "Service Thread" daemon [_thread_blocked, id=40963, stack(0x0000700009fcb000,0x000070000a0cb000)]
  0x00007faa4e001000 JavaThread "Common-Cleaner" daemon [_thread_blocked, id=40451, stack(0x000070000a1d1000,0x000070000a2d1000)]
  0x00007faa4df9a800 JavaThread "mysql-cj-abandoned-connection-cleanup" daemon [_thread_blocked, id=38923, stack(0x000070000a4da000,0x000070000a5da000)]
  0x00007faa4eafe800 JavaThread "Catalina-utility-1" [_thread_blocked, id=24579, stack(0x000070000a6e0000,0x000070000a7e0000)]
  0x00007faa4d163000 JavaThread "Catalina-utility-2" [_thread_blocked, id=38147, stack(0x000070000a7e3000,0x000070000a8e3000)]
  0x00007faa4ecc6800 JavaThread "container-0" [_thread_blocked, id=37379, stack(0x000070000a8e6000,0x000070000a9e6000)]
  0x00007faa4d165000 JavaThread "http-nio-8080-BlockPoller" daemon [_thread_in_native, id=36867, stack(0x000070000a9e9000,0x000070000aae9000)]
=>0x00007faa4ee05000 JavaThread "http-nio-8080-exec-1" daemon [_thread_in_native, id=36355, stack(0x000070000aaec000,0x000070000abec000)]
  0x00007faa4d101800 JavaThread "http-nio-8080-exec-2" daemon [_thread_blocked, id=36099, stack(0x000070000abef000,0x000070000acef000)]
  0x00007faa4ee06000 JavaThread "http-nio-8080-exec-3" daemon [_thread_blocked, id=26115, stack(0x000070000acf2000,0x000070000adf2000)]
  0x00007faa4ee03000 JavaThread "http-nio-8080-exec-4" daemon [_thread_blocked, id=26371, stack(0x000070000adf5000,0x000070000aef5000)]
  0x00007faa4ee09000 JavaThread "http-nio-8080-exec-5" daemon [_thread_blocked, id=27139, stack(0x000070000aef8000,0x000070000aff8000)]
  0x00007faa4e72d000 JavaThread "http-nio-8080-exec-6" daemon [_thread_blocked, id=27395, stack(0x000070000affb000,0x000070000b0fb000)]
  0x00007faa4ee09800 JavaThread "http-nio-8080-exec-7" daemon [_thread_blocked, id=27907, stack(0x000070000b0fe000,0x000070000b1fe000)]
  0x00007faa4e72c000 JavaThread "http-nio-8080-exec-8" daemon [_thread_blocked, id=28675, stack(0x000070000b201000,0x000070000b301000)]
  0x00007faa4ee0a800 JavaThread "http-nio-8080-exec-9" daemon [_thread_blocked, id=34307, stack(0x000070000b304000,0x000070000b404000)]
  0x00007faa4e72e000 JavaThread "http-nio-8080-exec-10" daemon [_thread_blocked, id=29955, stack(0x000070000b407000,0x000070000b507000)]
  0x00007faa4df9d800 JavaThread "http-nio-8080-ClientPoller" daemon [_thread_in_native, id=30211, stack(0x000070000b50a000,0x000070000b60a000)]
  0x00007faa4d104800 JavaThread "http-nio-8080-Acceptor" daemon [_thread_in_native, id=33283, stack(0x000070000b60d000,0x000070000b70d000)]
  0x00007faa4d102000 JavaThread "DestroyJavaVM" [_thread_blocked, id=9219, stack(0x00007000092a4000,0x00007000093a4000)]
  0x00007faa4e002000 JavaThread "HikariPool-1 housekeeper" daemon [_thread_blocked, id=32771, stack(0x000070000b710000,0x000070000b810000)]
  0x00007faa4edc1000 JavaThread "HikariPool-1 connection adder" daemon [_thread_blocked, id=31235, stack(0x000070000b813000,0x000070000b913000)]
  0x00007faa4d896000 JavaThread "Java2D Disposer" daemon [_thread_blocked, id=44039, stack(0x000070000b916000,0x000070000ba16000)]
  0x00007faa4edbd800 JavaThread "AppKit Thread" daemon [_thread_in_native, id=775, stack(0x00007ffee31d5000,0x00007ffee39d5000)]

Other Threads:
  0x00007faa4d869800 VMThread "VM Thread" [stack: 0x00007000098b6000,0x00007000099b6000] [id=14595]
  0x00007faa4d00e000 WatcherThread [stack: 0x000070000a0ce000,0x000070000a1ce000] [id=23043]
  0x00007faa4e81f800 GCTaskThread "GC Thread#0" [stack: 0x00007000093a7000,0x00007000094a7000] [id=20739]
  0x00007faa4d085800 GCTaskThread "GC Thread#1" [stack: 0x000070000a2d4000,0x000070000a3d4000] [id=39939]
  0x00007faa4d012800 GCTaskThread "GC Thread#2" [stack: 0x000070000a3d7000,0x000070000a4d7000] [id=39427]
  0x00007faa4d1b6000 GCTaskThread "GC Thread#3" [stack: 0x000070000a5dd000,0x000070000a6dd000] [id=24067]
  0x00007faa4e01b800 ConcurrentGCThread "G1 Main Marker" [stack: 0x00007000094aa000,0x00007000095aa000] [id=20483]
  0x00007faa4d80b800 ConcurrentGCThread "G1 Conc#0" [stack: 0x00007000095ad000,0x00007000096ad000] [id=19715]
  0x00007faa4d868800 ConcurrentGCThread "G1 Refine#0" [stack: 0x00007000096b0000,0x00007000097b0000] [id=13315]
  0x00007faa4e01c000 ConcurrentGCThread "G1 Young RemSet Sampling" [stack: 0x00007000097b3000,0x00007000098b3000] [id=13571]

Threads with active compile tasks:

VM state:not at safepoint (normal execution)

VM Mutex/Monitor currently owned by a thread: None

Heap address: 0x0000000780000000, size: 2048 MB, Compressed Oops mode: Zero based, Oop shift amount: 3
Narrow klass base: 0x0000000800000000, Narrow klass shift: 3
Compressed class space size: 1073741824 Address: 0x0000000800ae0000

Heap:
 garbage-first heap   total 68608K, used 36655K [0x0000000780000000, 0x0000000800000000)
  region size 1024K, 2 young (2048K), 1 survivors (1024K)
 Metaspace       used 47232K, capacity 48387K, committed 48720K, reserved 1091584K
  class space    used 5889K, capacity 6356K, committed 6400K, reserved 1048576K
Heap Regions: E=young(eden), S=young(survivor), O=old, HS=humongous(starts), HC=humongous(continues), CS=collection set, F=free, A=archive, TAMS=top-at-mark-start (previous, next)
|   0|0x0000000780000000, 0x0000000780100000, 0x0000000780100000|100%| O|  |TAMS 0x0000000780100000, 0x0000000780000000| Untracked 
|   1|0x0000000780100000, 0x0000000780200000, 0x0000000780200000|100%| O|  |TAMS 0x0000000780200000, 0x0000000780100000| Untracked 
|   2|0x0000000780200000, 0x0000000780300000, 0x0000000780300000|100%| O|  |TAMS 0x0000000780300000, 0x0000000780200000| Untracked 
|   3|0x0000000780300000, 0x0000000780400000, 0x0000000780400000|100%| O|  |TAMS 0x0000000780400000, 0x0000000780300000| Untracked 
|   4|0x0000000780400000, 0x0000000780481c00, 0x0000000780500000| 50%| O|  |TAMS 0x0000000780481c00, 0x0000000780400000| Untracked 
|   5|0x0000000780500000, 0x0000000780600000, 0x0000000780600000|100%| O|  |TAMS 0x0000000780600000, 0x0000000780500000| Untracked 
|   6|0x0000000780600000, 0x0000000780700000, 0x0000000780700000|100%| O|  |TAMS 0x0000000780700000, 0x0000000780600000| Untracked 
|   7|0x0000000780700000, 0x0000000780800000, 0x0000000780800000|100%| O|  |TAMS 0x0000000780800000, 0x0000000780700000| Untracked 
|   8|0x0000000780800000, 0x0000000780900000, 0x0000000780900000|100%| O|  |TAMS 0x0000000780900000, 0x0000000780800000| Untracked 
|   9|0x0000000780900000, 0x0000000780a00000, 0x0000000780a00000|100%| O|  |TAMS 0x0000000780a00000, 0x0000000780900000| Untracked 
|  10|0x0000000780a00000, 0x0000000780b00000, 0x0000000780b00000|100%| O|  |TAMS 0x0000000780b00000, 0x0000000780a00000| Untracked 
|  11|0x0000000780b00000, 0x0000000780c00000, 0x0000000780c00000|100%| O|  |TAMS 0x0000000780c00000, 0x0000000780b00000| Untracked 
|  12|0x0000000780c00000, 0x0000000780d00000, 0x0000000780d00000|100%| O|  |TAMS 0x0000000780d00000, 0x0000000780c00000| Untracked 
|  13|0x0000000780d00000, 0x0000000780e00000, 0x0000000780e00000|100%| O|  |TAMS 0x0000000780e00000, 0x0000000780d00000| Untracked 
|  14|0x0000000780e00000, 0x0000000780f00000, 0x0000000780f00000|100%| O|  |TAMS 0x0000000780f00000, 0x0000000780e00000| Untracked 
|  15|0x0000000780f00000, 0x0000000781000000, 0x0000000781000000|100%| O|  |TAMS 0x0000000781000000, 0x0000000780f00000| Untracked 
|  16|0x0000000781000000, 0x0000000781100000, 0x0000000781100000|100%| O|  |TAMS 0x0000000781100000, 0x0000000781000000| Untracked 
|  17|0x0000000781100000, 0x0000000781200000, 0x0000000781200000|100%|HS|  |TAMS 0x0000000781200000, 0x0000000781100000| Complete 
|  18|0x0000000781200000, 0x0000000781300000, 0x0000000781300000|100%|HC|  |TAMS 0x0000000781300000, 0x0000000781200000| Complete 
|  19|0x0000000781300000, 0x0000000781400000, 0x0000000781400000|100%|HS|  |TAMS 0x0000000781400000, 0x0000000781300000| Complete 
|  20|0x0000000781400000, 0x0000000781500000, 0x0000000781500000|100%|HC|  |TAMS 0x0000000781500000, 0x0000000781400000| Complete 
|  21|0x0000000781500000, 0x0000000781600000, 0x0000000781600000|100%| O|  |TAMS 0x0000000781600000, 0x0000000781500000| Untracked 
|  22|0x0000000781600000, 0x0000000781700000, 0x0000000781700000|100%| O|  |TAMS 0x0000000781700000, 0x0000000781600000| Untracked 
|  23|0x0000000781700000, 0x0000000781800000, 0x0000000781800000|100%| O|  |TAMS 0x00000007817f4000, 0x0000000781700000| Untracked 
|  24|0x0000000781800000, 0x0000000781900000, 0x0000000781900000|100%| O|  |TAMS 0x0000000781800000, 0x0000000781800000| Untracked 
|  25|0x0000000781900000, 0x0000000781a00000, 0x0000000781a00000|100%| O|  |TAMS 0x0000000781900000, 0x0000000781900000| Untracked 
|  26|0x0000000781a00000, 0x0000000781b00000, 0x0000000781b00000|100%| O|  |TAMS 0x0000000781a00000, 0x0000000781a00000| Untracked 
|  27|0x0000000781b00000, 0x0000000781b20200, 0x0000000781c00000| 12%| O|  |TAMS 0x0000000781b00000, 0x0000000781b00000| Untracked 
|  28|0x0000000781c00000, 0x0000000781d00000, 0x0000000781d00000|100%|HS|  |TAMS 0x0000000781c00000, 0x0000000781c00000| Complete 
|  29|0x0000000781d00000, 0x0000000781e00000, 0x0000000781e00000|100%|HC|  |TAMS 0x0000000781d00000, 0x0000000781d00000| Complete 
|  30|0x0000000781e00000, 0x0000000781f00000, 0x0000000781f00000|100%|HS|  |TAMS 0x0000000781e00000, 0x0000000781e00000| Complete 
|  31|0x0000000781f00000, 0x0000000782000000, 0x0000000782000000|100%|HS|  |TAMS 0x0000000781f00000, 0x0000000781f00000| Complete 
|  32|0x0000000782000000, 0x0000000782100000, 0x0000000782100000|100%|HC|  |TAMS 0x0000000782000000, 0x0000000782000000| Complete 
|  33|0x0000000782100000, 0x0000000782200000, 0x0000000782200000|100%|HS|  |TAMS 0x0000000782100000, 0x0000000782100000| Complete 
|  34|0x0000000782200000, 0x0000000782300000, 0x0000000782300000|100%|HC|  |TAMS 0x0000000782200000, 0x0000000782200000| Complete 
|  35|0x0000000782300000, 0x0000000782400000, 0x0000000782400000|100%|HC|  |TAMS 0x0000000782300000, 0x0000000782300000| Complete 
|  36|0x0000000782400000, 0x0000000782400000, 0x0000000782500000|  0%| F|  |TAMS 0x0000000782400000, 0x0000000782400000| Untracked 
|  37|0x0000000782500000, 0x0000000782500000, 0x0000000782600000|  0%| F|  |TAMS 0x0000000782500000, 0x0000000782500000| Untracked 
|  38|0x0000000782600000, 0x0000000782600000, 0x0000000782700000|  0%| F|  |TAMS 0x0000000782600000, 0x0000000782600000| Untracked 
|  39|0x0000000782700000, 0x0000000782700000, 0x0000000782800000|  0%| F|  |TAMS 0x0000000782700000, 0x0000000782700000| Untracked 
|  40|0x0000000782800000, 0x000000078286c1a0, 0x0000000782900000| 42%| S|CS|TAMS 0x0000000782800000, 0x0000000782800000| Complete 
|  41|0x0000000782900000, 0x0000000782900000, 0x0000000782a00000|  0%| F|  |TAMS 0x0000000782900000, 0x0000000782900000| Untracked 
|  42|0x0000000782a00000, 0x0000000782a00000, 0x0000000782b00000|  0%| F|  |TAMS 0x0000000782a00000, 0x0000000782a00000| Untracked 
|  43|0x0000000782b00000, 0x0000000782b00000, 0x0000000782c00000|  0%| F|  |TAMS 0x0000000782b00000, 0x0000000782b00000| Untracked 
|  44|0x0000000782c00000, 0x0000000782c00000, 0x0000000782d00000|  0%| F|  |TAMS 0x0000000782c00000, 0x0000000782c00000| Untracked 
|  45|0x0000000782d00000, 0x0000000782d00000, 0x0000000782e00000|  0%| F|  |TAMS 0x0000000782d00000, 0x0000000782d00000| Untracked 
|  46|0x0000000782e00000, 0x0000000782e00000, 0x0000000782f00000|  0%| F|  |TAMS 0x0000000782e00000, 0x0000000782e00000| Untracked 
|  47|0x0000000782f00000, 0x0000000782f00000, 0x0000000783000000|  0%| F|  |TAMS 0x0000000782f00000, 0x0000000782f00000| Untracked 
|  48|0x0000000783000000, 0x0000000783000000, 0x0000000783100000|  0%| F|  |TAMS 0x0000000783000000, 0x0000000783000000| Untracked 
|  49|0x0000000783100000, 0x0000000783100000, 0x0000000783200000|  0%| F|  |TAMS 0x0000000783100000, 0x0000000783100000| Untracked 
|  50|0x0000000783200000, 0x0000000783200000, 0x0000000783300000|  0%| F|  |TAMS 0x0000000783200000, 0x0000000783200000| Untracked 
|  51|0x0000000783300000, 0x0000000783300000, 0x0000000783400000|  0%| F|  |TAMS 0x0000000783300000, 0x0000000783300000| Untracked 
|  52|0x0000000783400000, 0x0000000783400000, 0x0000000783500000|  0%| F|  |TAMS 0x0000000783400000, 0x0000000783400000| Untracked 
|  53|0x0000000783500000, 0x0000000783500000, 0x0000000783600000|  0%| F|  |TAMS 0x0000000783500000, 0x0000000783500000| Untracked 
|  54|0x0000000783600000, 0x0000000783600000, 0x0000000783700000|  0%| F|  |TAMS 0x0000000783600000, 0x0000000783600000| Untracked 
|  55|0x0000000783700000, 0x0000000783700000, 0x0000000783800000|  0%| F|  |TAMS 0x0000000783700000, 0x0000000783700000| Untracked 
|  56|0x0000000783800000, 0x0000000783800000, 0x0000000783900000|  0%| F|  |TAMS 0x0000000783800000, 0x0000000783800000| Untracked 
|  57|0x0000000783900000, 0x0000000783900000, 0x0000000783a00000|  0%| F|  |TAMS 0x0000000783900000, 0x0000000783900000| Untracked 
|  58|0x0000000783a00000, 0x0000000783a00000, 0x0000000783b00000|  0%| F|  |TAMS 0x0000000783a00000, 0x0000000783a00000| Untracked 
|  97|0x0000000786100000, 0x0000000786100000, 0x0000000786200000|  0%| F|  |TAMS 0x0000000786100000, 0x0000000786100000| Untracked 
|  98|0x0000000786200000, 0x0000000786200000, 0x0000000786300000|  0%| F|  |TAMS 0x0000000786200000, 0x0000000786200000| Untracked 
|  99|0x0000000786300000, 0x0000000786300000, 0x0000000786400000|  0%| F|  |TAMS 0x0000000786300000, 0x0000000786300000| Untracked 
| 100|0x0000000786400000, 0x0000000786400000, 0x0000000786500000|  0%| F|  |TAMS 0x0000000786400000, 0x0000000786400000| Untracked 
| 101|0x0000000786500000, 0x0000000786500000, 0x0000000786600000|  0%| F|  |TAMS 0x0000000786500000, 0x0000000786500000| Untracked 
| 127|0x0000000787f00000, 0x0000000787f97830, 0x0000000788000000| 59%| E|  |TAMS 0x0000000787f00000, 0x0000000787f00000| Complete 
|1022|0x00000007bfe00000, 0x00000007bfe47000, 0x00000007bff00000| 27%|OA|  |TAMS 0x00000007bfe47000, 0x00000007bfe00000| Untracked 
|1023|0x00000007bff00000, 0x00000007bff77000, 0x00000007c0000000| 46%|CA|  |TAMS 0x00000007bff77000, 0x00000007bff00000| Untracked 

Card table byte_map: [0x00000001167d2000,0x0000000116bd2000] _byte_map_base: 0x0000000112bd2000

Marking Bits (Prev, Next): (CMBitMap*) 0x00007faa4e00ae58, (CMBitMap*) 0x00007faa4e00ae18
 Prev Bits: [0x0000000118fd2000, 0x000000011afd2000)
 Next Bits: [0x0000000116fd2000, 0x0000000118fd2000)

Polling page: 0x000000010d085000

Metaspace:

Usage:
  Non-class:     41.05 MB capacity,    40.37 MB ( 98%) used,   544.95 KB (  1%) free+waste,   142.94 KB ( <1%) overhead. 
      Class:      6.21 MB capacity,     5.75 MB ( 93%) used,   400.28 KB (  6%) free+waste,    66.44 KB (  1%) overhead. 
       Both:     47.25 MB capacity,    46.13 MB ( 98%) used,   945.23 KB (  2%) free+waste,   209.38 KB ( <1%) overhead. 

Virtual space:
  Non-class space:       42.00 MB reserved,      41.33 MB ( 98%) committed 
      Class space:        1.00 GB reserved,       6.25 MB ( <1%) committed 
             Both:        1.04 GB reserved,      47.58 MB (  4%) committed 

Chunk freelists:
   Non-Class:  189.00 KB
       Class:  12.00 KB
        Both:  201.00 KB

MaxMetaspaceSize: unlimited
CompressedClassSpaceSize: 1.00 GB

CodeHeap 'non-profiled nmethods': size=120032Kb used=1581Kb max_used=1775Kb free=118450Kb
 bounds [0x0000000123a8c000, 0x0000000123cfc000, 0x000000012afc4000]
CodeHeap 'profiled nmethods': size=120032Kb used=8690Kb max_used=9669Kb free=111341Kb
 bounds [0x000000011c554000, 0x000000011ced4000, 0x0000000123a8c000]
CodeHeap 'non-nmethods': size=5696Kb used=1363Kb max_used=1398Kb free=4332Kb
 bounds [0x000000011bfc4000, 0x000000011c234000, 0x000000011c554000]
 total_blobs=6244 nmethods=4329 adapters=573
 compilation: enabled
              stopped_count=0, restarted_count=0
 full_count=0

Compilation events (20 events):
Event: 40.621 Thread 0x00007faa4d00b800 nmethod 4808 0x0000000123ba5b90 code [0x0000000123ba5d20, 0x0000000123ba5e50]
Event: 40.621 Thread 0x00007faa4d00b800 4807       1       java.awt.image.ComponentSampleModel::getScanlineStride (5 bytes)
Event: 40.622 Thread 0x00007faa4d00b800 nmethod 4807 0x0000000123b9da90 code [0x0000000123b9dc20, 0x0000000123b9dd50]
Event: 40.622 Thread 0x00007faa4d00b800 4810       1       java.awt.image.ColorModel::getNumComponents (5 bytes)
Event: 40.622 Thread 0x00007faa4d00b800 nmethod 4810 0x0000000123b9d790 code [0x0000000123b9d920, 0x0000000123b9da50]
Event: 40.623 Thread 0x00007faa4d00b800 4811       3       java.awt.image.ComponentSampleModel::getSampleSize (8 bytes)
Event: 40.623 Thread 0x00007faa4d00b800 nmethod 4811 0x000000011c774e90 code [0x000000011c775060, 0x000000011c775418]
Event: 40.623 Thread 0x00007faa4d00b800 4812       3       java.awt.Rectangle::intersection (180 bytes)
Event: 40.623 Thread 0x00007faa4d00b800 nmethod 4812 0x000000011c57ff10 code [0x000000011c5800e0, 0x000000011c580650]
Event: 40.623 Thread 0x00007faa4d00b800 4813       3       javax.imageio.plugins.tiff.TIFFField::getAsLong (227 bytes)
Event: 40.624 Thread 0x00007faa4d00b800 nmethod 4813 0x000000011c5a8e90 code [0x000000011c5a9160, 0x000000011c5aa6e8]
Event: 40.624 Thread 0x00007faa4d00b800 4814       3       java.awt.image.ComponentSampleModel::getBandOffsets (11 bytes)
Event: 40.624 Thread 0x00007faa4d00b800 nmethod 4814 0x000000011c5bda10 code [0x000000011c5bdbc0, 0x000000011c5bdf28]
Event: 40.624 Thread 0x00007faa4d00b800 4816       3       java.lang.Math::min (12 bytes)
Event: 40.624 Thread 0x00007faa4d00b800 nmethod 4816 0x000000011c55f790 code [0x000000011c55f920, 0x000000011c55fab0]
Event: 40.654 Thread 0x00007faa4e040000 nmethod 4754% 0x0000000123afd910 code [0x0000000123afdb20, 0x0000000123afef78]
Event: 40.655 Thread 0x00007faa4e040000 4815       4       java.io.RandomAccessFile::readFully (45 bytes)
Event: 40.655 Thread 0x00007faa4e040000 nmethod 4815 0x0000000123af8610 code [0x0000000123af87a0, 0x0000000123af8868]
Event: 40.655 Thread 0x00007faa4e040000 4817  s    4       java.io.ByteArrayOutputStream::write (43 bytes)
Event: 40.664 Thread 0x00007faa4e040000 nmethod 4817 0x0000000123b30e90 code [0x0000000123b31020, 0x0000000123b31818]

GC Heap History (20 events):
Event: 6.377 GC heap before
{Heap before GC invocations=3 (full 0):
 garbage-first heap   total 133120K, used 50311K [0x0000000780000000, 0x0000000800000000)
  region size 1024K, 44 young (45056K), 2 survivors (2048K)
 Metaspace       used 17799K, capacity 18292K, committed 18432K, reserved 1064960K
  class space    used 2295K, capacity 2491K, committed 2560K, reserved 1048576K
}
Event: 6.382 GC heap after
{Heap after GC invocations=4 (full 0):
 garbage-first heap   total 133120K, used 9066K [0x0000000780000000, 0x0000000800000000)
  region size 1024K, 4 young (4096K), 4 survivors (4096K)
 Metaspace       used 17799K, capacity 18292K, committed 18432K, reserved 1064960K
  class space    used 2295K, capacity 2491K, committed 2560K, reserved 1048576K
}
Event: 6.798 GC heap before
{Heap before GC invocations=4 (full 0):
 garbage-first heap   total 133120K, used 34666K [0x0000000780000000, 0x0000000800000000)
  region size 1024K, 30 young (30720K), 4 survivors (4096K)
 Metaspace       used 20610K, capacity 21155K, committed 21296K, reserved 1067008K
  class space    used 2648K, capacity 2879K, committed 2944K, reserved 1048576K
}
Event: 6.806 GC heap after
{Heap after GC invocations=5 (full 0):
 garbage-first heap   total 133120K, used 10479K [0x0000000780000000, 0x0000000800000000)
  region size 1024K, 5 young (5120K), 5 survivors (5120K)
 Metaspace       used 20610K, capacity 21155K, committed 21296K, reserved 1067008K
  class space    used 2648K, capacity 2879K, committed 2944K, reserved 1048576K
}
Event: 7.251 GC heap before
{Heap before GC invocations=6 (full 0):
 garbage-first heap   total 45056K, used 31983K [0x0000000780000000, 0x0000000800000000)
  region size 1024K, 26 young (26624K), 5 survivors (5120K)
 Metaspace       used 24080K, capacity 24776K, committed 25136K, reserved 1071104K
  class space    used 3104K, capacity 3397K, committed 3456K, reserved 1048576K
}
Event: 7.272 GC heap after
{Heap after GC invocations=7 (full 0):
 garbage-first heap   total 45056K, used 11674K [0x0000000780000000, 0x0000000800000000)
  region size 1024K, 3 young (3072K), 3 survivors (3072K)
 Metaspace       used 24080K, capacity 24776K, committed 25136K, reserved 1071104K
  class space    used 3104K, capacity 3397K, committed 3456K, reserved 1048576K
}
Event: 7.564 GC heap before
{Heap before GC invocations=7 (full 0):
 garbage-first heap   total 45056K, used 29082K [0x0000000780000000, 0x0000000800000000)
  region size 1024K, 21 young (21504K), 3 survivors (3072K)
 Metaspace       used 26814K, capacity 27595K, committed 27824K, reserved 1073152K
  class space    used 3418K, capacity 3739K, committed 3840K, reserved 1048576K
}
Event: 7.573 GC heap after
{Heap after GC invocations=8 (full 0):
 garbage-first heap   total 54272K, used 13164K [0x0000000780000000, 0x0000000800000000)
  region size 1024K, 2 young (2048K), 2 survivors (2048K)
 Metaspace       used 26814K, capacity 27595K, committed 27824K, reserved 1073152K
  class space    used 3418K, capacity 3739K, committed 3840K, reserved 1048576K
}
Event: 7.960 GC heap before
{Heap before GC invocations=8 (full 0):
 garbage-first heap   total 54272K, used 34668K [0x0000000780000000, 0x0000000800000000)
  region size 1024K, 23 young (23552K), 2 survivors (2048K)
 Metaspace       used 28814K, capacity 29646K, committed 29872K, reserved 1075200K
  class space    used 3652K, capacity 4010K, committed 4096K, reserved 1048576K
}
Event: 7.966 GC heap after
{Heap after GC invocations=9 (full 0):
 garbage-first heap   total 54272K, used 14162K [0x0000000780000000, 0x0000000800000000)
  region size 1024K, 3 young (3072K), 3 survivors (3072K)
 Metaspace       used 28814K, capacity 29646K, committed 29872K, reserved 1075200K
  class space    used 3652K, capacity 4010K, committed 4096K, reserved 1048576K
}
Event: 8.363 GC heap before
{Heap before GC invocations=9 (full 0):
 garbage-first heap   total 54272K, used 36690K [0x0000000780000000, 0x0000000800000000)
  region size 1024K, 25 young (25600K), 3 survivors (3072K)
 Metaspace       used 31163K, capacity 32053K, committed 32176K, reserved 1077248K
  class space    used 3975K, capacity 4340K, committed 4352K, reserved 1048576K
}
Event: 8.369 GC heap after
{Heap after GC invocations=10 (full 0):
 garbage-first heap   total 54272K, used 15669K [0x0000000780000000, 0x0000000800000000)
  region size 1024K, 3 young (3072K), 3 survivors (3072K)
 Metaspace       used 31163K, capacity 32053K, committed 32176K, reserved 1077248K
  class space    used 3975K, capacity 4340K, committed 4352K, reserved 1048576K
}
Event: 38.591 GC heap before
{Heap before GC invocations=10 (full 0):
 garbage-first heap   total 54272K, used 35125K [0x0000000780000000, 0x0000000800000000)
  region size 1024K, 23 young (23552K), 3 survivors (3072K)
 Metaspace       used 34824K, capacity 35816K, committed 35920K, reserved 1081344K
  class space    used 4447K, capacity 4864K, committed 4864K, reserved 1048576K
}
Event: 38.614 GC heap after
{Heap after GC invocations=11 (full 0):
 garbage-first heap   total 54272K, used 17127K [0x0000000780000000, 0x0000000800000000)
  region size 1024K, 3 young (3072K), 3 survivors (3072K)
 Metaspace       used 34824K, capacity 35816K, committed 35920K, reserved 1081344K
  class space    used 4447K, capacity 4864K, committed 4864K, reserved 1048576K
}
Event: 39.539 GC heap before
{Heap before GC invocations=12 (full 0):
 garbage-first heap   total 54272K, used 37607K [0x0000000780000000, 0x0000000800000000)
  region size 1024K, 24 young (24576K), 3 survivors (3072K)
 Metaspace       used 42441K, capacity 43590K, committed 43856K, reserved 1087488K
  class space    used 5336K, capacity 5787K, committed 5888K, reserved 1048576K
}
Event: 39.553 GC heap after
{Heap after GC invocations=13 (full 0):
 garbage-first heap   total 54272K, used 20050K [0x0000000780000000, 0x0000000800000000)
  region size 1024K, 3 young (3072K), 3 survivors (3072K)
 Metaspace       used 42441K, capacity 43590K, committed 43856K, reserved 1087488K
  class space    used 5336K, capacity 5787K, committed 5888K, reserved 1048576K
}
Event: 40.333 GC heap before
{Heap before GC invocations=13 (full 0):
 garbage-first heap   total 54272K, used 42578K [0x0000000780000000, 0x0000000800000000)
  region size 1024K, 22 young (22528K), 3 survivors (3072K)
 Metaspace       used 46414K, capacity 47587K, committed 48080K, reserved 1091584K
  class space    used 5716K, capacity 6196K, committed 6272K, reserved 1048576K
}
Event: 40.340 GC heap after
{Heap after GC invocations=14 (full 0):
 garbage-first heap   total 54272K, used 27855K [0x0000000780000000, 0x0000000800000000)
  region size 1024K, 3 young (3072K), 3 survivors (3072K)
 Metaspace       used 46414K, capacity 47587K, committed 48080K, reserved 1091584K
  class space    used 5716K, capacity 6196K, committed 6272K, reserved 1048576K
}
Event: 40.609 GC heap before
{Heap before GC invocations=14 (full 0):
 garbage-first heap   total 54272K, used 36047K [0x0000000780000000, 0x0000000800000000)
  region size 1024K, 13 young (13312K), 3 survivors (3072K)
 Metaspace       used 47129K, capacity 48323K, committed 48720K, reserved 1091584K
  class space    used 5886K, capacity 6356K, committed 6400K, reserved 1048576K
}
Event: 40.614 GC heap after
{Heap after GC invocations=15 (full 0):
 garbage-first heap   total 54272K, used 28463K [0x0000000780000000, 0x0000000800000000)
  region size 1024K, 1 young (1024K), 1 survivors (1024K)
 Metaspace       used 47129K, capacity 48323K, committed 48720K, reserved 1091584K
  class space    used 5886K, capacity 6356K, committed 6400K, reserved 1048576K
}

Deoptimization events (20 events):
Event: 40.485 Thread 0x00007faa4ee05000 DEOPT PACKING pc=0x000000011ce9b143 sp=0x000070000abe7990
Event: 40.485 Thread 0x00007faa4ee05000 DEOPT UNPACKING pc=0x000000011c00d33a sp=0x000070000abe6e18 mode 0
Event: 40.485 Thread 0x00007faa4ee05000 DEOPT PACKING pc=0x000000011cea72a4 sp=0x000070000abe7a70
Event: 40.485 Thread 0x00007faa4ee05000 DEOPT UNPACKING pc=0x000000011c00d33a sp=0x000070000abe71d0 mode 0
Event: 40.485 Thread 0x00007faa4ee05000 DEOPT PACKING pc=0x000000011ce9b122 sp=0x000070000abe7990
Event: 40.485 Thread 0x00007faa4ee05000 DEOPT UNPACKING pc=0x000000011c00d33a sp=0x000070000abe6e18 mode 0
Event: 40.485 Thread 0x00007faa4ee05000 DEOPT PACKING pc=0x000000011cea72a4 sp=0x000070000abe7a70
Event: 40.485 Thread 0x00007faa4ee05000 DEOPT UNPACKING pc=0x000000011c00d33a sp=0x000070000abe71d0 mode 0
Event: 40.485 Thread 0x00007faa4ee05000 DEOPT PACKING pc=0x000000011ce9b122 sp=0x000070000abe7990
Event: 40.485 Thread 0x00007faa4ee05000 DEOPT UNPACKING pc=0x000000011c00d33a sp=0x000070000abe6e18 mode 0
Event: 40.486 Thread 0x00007faa4ee05000 DEOPT PACKING pc=0x000000011ce9b122 sp=0x000070000abe7990
Event: 40.486 Thread 0x00007faa4ee05000 DEOPT UNPACKING pc=0x000000011c00d33a sp=0x000070000abe6e18 mode 0
Event: 40.486 Thread 0x00007faa4ee05000 DEOPT PACKING pc=0x000000011ce9b122 sp=0x000070000abe7990
Event: 40.486 Thread 0x00007faa4ee05000 DEOPT UNPACKING pc=0x000000011c00d33a sp=0x000070000abe6e18 mode 0
Event: 40.486 Thread 0x00007faa4ee05000 DEOPT PACKING pc=0x000000011cea72a4 sp=0x000070000abe7a70
Event: 40.486 Thread 0x00007faa4ee05000 DEOPT UNPACKING pc=0x000000011c00d33a sp=0x000070000abe71d0 mode 0
Event: 40.486 Thread 0x00007faa4ee05000 DEOPT PACKING pc=0x000000011ce9b122 sp=0x000070000abe7990
Event: 40.486 Thread 0x00007faa4ee05000 DEOPT UNPACKING pc=0x000000011c00d33a sp=0x000070000abe6e18 mode 0
Event: 40.486 Thread 0x00007faa4ee05000 DEOPT PACKING pc=0x000000011cea72a4 sp=0x000070000abe7a70
Event: 40.486 Thread 0x00007faa4ee05000 DEOPT UNPACKING pc=0x000000011c00d33a sp=0x000070000abe71d0 mode 0

Classes unloaded (0 events):
No events

Classes redefined (0 events):
No events

Internal exceptions (20 events):
Event: 7.814 Thread 0x00007faa4e002000 Exception <a 'java/lang/ClassNotFoundException'{0x00000007824876c0}: org/springframework/security/config/annotation/authentication/configuration/AuthenticationConfigurationCustomizer> (0x00000007824876c0) 
thrown [/scratch/mesos/slaves/fcf4c0c4-d73e-4321-860c-6613427db92b-S2452/frameworks/1735e8a2-a1db-478c-8104-60c8b0af87dd-0196/executors/ab12d1f8-defd-4a26-b83a-82b67c14bc8d/runs/ad8904cf-d9a8-428f-8f86-4d88be7b86bd/workspace/open/src/hotspot/share/classfile/systemDictionary.cpp, line 232]
Event: 7.923 Thread 0x00007faa4e002000 Exception <a 'java/io/FileNotFoundException'{0x0000000781f21668}> (0x0000000781f21668) 
thrown [/scratch/mesos/slaves/fcf4c0c4-d73e-4321-860c-6613427db92b-S2452/frameworks/1735e8a2-a1db-478c-8104-60c8b0af87dd-0196/executors/ab12d1f8-defd-4a26-b83a-82b67c14bc8d/runs/ad8904cf-d9a8-428f-8f86-4d88be7b86bd/workspace/open/src/hotspot/share/prims/jni.cpp, line 598]
Event: 7.954 Thread 0x00007faa4e002000 Exception <a 'java/lang/ClassNotFoundException'{0x0000000781e7a518}: java/lang/ObjectCustomizer> (0x0000000781e7a518) 
thrown [/scratch/mesos/slaves/fcf4c0c4-d73e-4321-860c-6613427db92b-S2452/frameworks/1735e8a2-a1db-478c-8104-60c8b0af87dd-0196/executors/ab12d1f8-defd-4a26-b83a-82b67c14bc8d/runs/ad8904cf-d9a8-428f-8f86-4d88be7b86bd/workspace/open/src/hotspot/share/classfile/systemDictionary.cpp, line 232]
Event: 7.955 Thread 0x00007faa4e002000 Exception <a 'java/lang/ClassNotFoundException'{0x0000000781e8d9a8}: org/springframework/security/config/annotation/web/configuration/WebSecurityConfigurationCustomizer> (0x0000000781e8d9a8) 
thrown [/scratch/mesos/slaves/fcf4c0c4-d73e-4321-860c-6613427db92b-S2452/frameworks/1735e8a2-a1db-478c-8104-60c8b0af87dd-0196/executors/ab12d1f8-defd-4a26-b83a-82b67c14bc8d/runs/ad8904cf-d9a8-428f-8f86-4d88be7b86bd/workspace/open/src/hotspot/share/classfile/systemDictionary.cpp, line 232]
Event: 7.955 Thread 0x00007faa4e002000 Exception <a 'java/lang/ClassNotFoundException'{0x0000000781ea3f70}: org/springframework/context/annotation/ImportAwareCustomizer> (0x0000000781ea3f70) 
thrown [/scratch/mesos/slaves/fcf4c0c4-d73e-4321-860c-6613427db92b-S2452/frameworks/1735e8a2-a1db-478c-8104-60c8b0af87dd-0196/executors/ab12d1f8-defd-4a26-b83a-82b67c14bc8d/runs/ad8904cf-d9a8-428f-8f86-4d88be7b86bd/workspace/open/src/hotspot/share/classfile/systemDictionary.cpp, line 232]
Event: 7.956 Thread 0x00007faa4e002000 Exception <a 'java/lang/ClassNotFoundException'{0x0000000781eaf0e8}: org/springframework/beans/factory/AwareCustomizer> (0x0000000781eaf0e8) 
thrown [/scratch/mesos/slaves/fcf4c0c4-d73e-4321-860c-6613427db92b-S2452/frameworks/1735e8a2-a1db-478c-8104-60c8b0af87dd-0196/executors/ab12d1f8-defd-4a26-b83a-82b67c14bc8d/runs/ad8904cf-d9a8-428f-8f86-4d88be7b86bd/workspace/open/src/hotspot/share/classfile/systemDictionary.cpp, line 232]
Event: 7.956 Thread 0x00007faa4e002000 Exception <a 'java/lang/ClassNotFoundException'{0x0000000781ebb278}: org/springframework/beans/factory/BeanClassLoaderAwareCustomizer> (0x0000000781ebb278) 
thrown [/scratch/mesos/slaves/fcf4c0c4-d73e-4321-860c-6613427db92b-S2452/frameworks/1735e8a2-a1db-478c-8104-60c8b0af87dd-0196/executors/ab12d1f8-defd-4a26-b83a-82b67c14bc8d/runs/ad8904cf-d9a8-428f-8f86-4d88be7b86bd/workspace/open/src/hotspot/share/classfile/systemDictionary.cpp, line 232]
Event: 7.956 Thread 0x00007faa4e002000 Exception <a 'java/lang/ClassNotFoundException'{0x0000000781ec6400}: org/springframework/beans/factory/AwareCustomizer> (0x0000000781ec6400) 
thrown [/scratch/mesos/slaves/fcf4c0c4-d73e-4321-860c-6613427db92b-S2452/frameworks/1735e8a2-a1db-478c-8104-60c8b0af87dd-0196/executors/ab12d1f8-defd-4a26-b83a-82b67c14bc8d/runs/ad8904cf-d9a8-428f-8f86-4d88be7b86bd/workspace/open/src/hotspot/share/classfile/systemDictionary.cpp, line 232]
Event: 8.277 Thread 0x00007faa4e002000 Exception <a 'java/lang/IncompatibleClassChangeError'{0x000000078218d818}: Found class java.lang.Object, but interface was expected> (0x000000078218d818) 
thrown [/scratch/mesos/slaves/fcf4c0c4-d73e-4321-860c-6613427db92b-S2452/frameworks/1735e8a2-a1db-478c-8104-60c8b0af87dd-0196/executors/ab12d1f8-defd-4a26-b83a-82b67c14bc8d/runs/ad8904cf-d9a8-428f-8f86-4d88be7b86bd/workspace/open/src/hotspot/share/interpreter/linkResolver.cpp, line 833]
Event: 8.320 Thread 0x00007faa4e002000 Exception <a 'java/lang/NoSuchMethodError'{0x0000000781f57178}: 'java.lang.Object java.lang.invoke.DirectMethodHandle$Holder.invokeInterface(java.lang.Object, java.lang.Object, java.lang.Object, java.lang.Object)'> (0x0000000781f57178) 
thrown [/scratch/mesos/slaves/fcf4c0c4-d73e-4321-860c-6613427db92b-S2452/frameworks/1735e8a2-a1db-478c-8104-60c8b0af87dd-0196/executors/ab12d1f8-defd-4a26-b83a-82b67c14bc8d/runs/ad8904cf-d9a8-428f-8f86-4d88be7b86bd/workspace/open/src/hotspot/share/interpreter/linkResolver.c
Event: 8.362 Thread 0x00007faa4e002000 Exception <a 'java/lang/NoSuchMethodError'{0x0000000781af0308}: 'void java.lang.invoke.DirectMethodHandle$Holder.invokeVirtual(java.lang.Object, java.lang.Object, int)'> (0x0000000781af0308) 
thrown [/scratch/mesos/slaves/fcf4c0c4-d73e-4321-860c-6613427db92b-S2452/frameworks/1735e8a2-a1db-478c-8104-60c8b0af87dd-0196/executors/ab12d1f8-defd-4a26-b83a-82b67c14bc8d/runs/ad8904cf-d9a8-428f-8f86-4d88be7b86bd/workspace/open/src/hotspot/share/interpreter/linkResolver.cpp, line 767]
Event: 8.424 Thread 0x00007faa4e002000 Exception <a 'java/lang/NoSuchMethodError'{0x00000007863588a8}: 'int java.lang.invoke.DirectMethodHandle$Holder.invokeStaticInit(java.lang.Object, java.lang.Object, java.lang.Object, java.lang.Object)'> (0x00000007863588a8) 
thrown [/scratch/mesos/slaves/fcf4c0c4-d73e-4321-860c-6613427db92b-S2452/frameworks/1735e8a2-a1db-478c-8104-60c8b0af87dd-0196/executors/ab12d1f8-defd-4a26-b83a-82b67c14bc8d/runs/ad8904cf-d9a8-428f-8f86-4d88be7b86bd/workspace/open/src/hotspot/share/interpreter/linkResolver.cpp, line 767
Event: 38.340 Thread 0x00007faa4d104800 Exception <a 'java/lang/NoSuchMethodError'{0x000000078271d108}: 'java.lang.Object java.lang.invoke.Invokers$Holder.linkToTargetMethod(java.lang.Object, int, java.lang.Object)'> (0x000000078271d108) 
thrown [/scratch/mesos/slaves/fcf4c0c4-d73e-4321-860c-6613427db92b-S2452/frameworks/1735e8a2-a1db-478c-8104-60c8b0af87dd-0196/executors/ab12d1f8-defd-4a26-b83a-82b67c14bc8d/runs/ad8904cf-d9a8-428f-8f86-4d88be7b86bd/workspace/open/src/hotspot/share/interpreter/linkResolver.cpp, line 767]
Event: 38.464 Thread 0x00007faa4ee05000 Implicit null exception at 0x0000000123b9c0c7 to 0x0000000123b9c2a6
Event: 39.465 Thread 0x00007faa4ee05000 Exception <a 'java/lang/NoSuchMethodError'{0x000000078208ed40}: 'java.lang.Object java.lang.invoke.DirectMethodHandle$Holder.invokeStaticInit(java.lang.Object, java.lang.Object, java.lang.Object, java.lang.Object)'> (0x000000078208ed40) 
thrown [/scratch/mesos/slaves/fcf4c0c4-d73e-4321-860c-6613427db92b-S2452/frameworks/1735e8a2-a1db-478c-8104-60c8b0af87dd-0196/executors/ab12d1f8-defd-4a26-b83a-82b67c14bc8d/runs/ad8904cf-d9a8-428f-8f86-4d88be7b86bd/workspace/open/src/hotspot/share/interpreter/linkResolver.
Event: 39.512 Thread 0x00007faa4ee05000 Exception <a 'java/lang/NoSuchMethodError'{0x0000000781fba0f8}: 'void java.lang.invoke.DirectMethodHandle$Holder.invokeStaticInit(java.lang.Object, java.lang.Object, java.lang.Object)'> (0x0000000781fba0f8) 
thrown [/scratch/mesos/slaves/fcf4c0c4-d73e-4321-860c-6613427db92b-S2452/frameworks/1735e8a2-a1db-478c-8104-60c8b0af87dd-0196/executors/ab12d1f8-defd-4a26-b83a-82b67c14bc8d/runs/ad8904cf-d9a8-428f-8f86-4d88be7b86bd/workspace/open/src/hotspot/share/interpreter/linkResolver.cpp, line 767]
Event: 39.626 Thread 0x00007faa4ee05000 Exception <a 'java/lang/ClassNotFoundException'{0x00000007864eee38}: sun/awt/resources/spi/awtProvider> (0x00000007864eee38) 
thrown [/scratch/mesos/slaves/fcf4c0c4-d73e-4321-860c-6613427db92b-S2452/frameworks/1735e8a2-a1db-478c-8104-60c8b0af87dd-0196/executors/ab12d1f8-defd-4a26-b83a-82b67c14bc8d/runs/ad8904cf-d9a8-428f-8f86-4d88be7b86bd/workspace/open/src/hotspot/share/classfile/systemDictionary.cpp, line 232]
Event: 39.734 Thread 0x00007faa4ee05000 Exception <a 'java/io/FileNotFoundException'{0x00000007864f9648}> (0x00000007864f9648) 
thrown [/scratch/mesos/slaves/fcf4c0c4-d73e-4321-860c-6613427db92b-S2452/frameworks/1735e8a2-a1db-478c-8104-60c8b0af87dd-0196/executors/ab12d1f8-defd-4a26-b83a-82b67c14bc8d/runs/ad8904cf-d9a8-428f-8f86-4d88be7b86bd/workspace/open/src/hotspot/share/prims/jni.cpp, line 598]
Event: 39.734 Thread 0x00007faa4ee05000 Exception <a 'java/io/FileNotFoundException'{0x00000007864fba48}> (0x00000007864fba48) 
thrown [/scratch/mesos/slaves/fcf4c0c4-d73e-4321-860c-6613427db92b-S2452/frameworks/1735e8a2-a1db-478c-8104-60c8b0af87dd-0196/executors/ab12d1f8-defd-4a26-b83a-82b67c14bc8d/runs/ad8904cf-d9a8-428f-8f86-4d88be7b86bd/workspace/open/src/hotspot/share/prims/jni.cpp, line 598]
Event: 39.882 Thread 0x00007faa4ee05000 Exception <a 'java/lang/ClassNotFoundException'{0x00000007824a5d10}: sun/awt/resources/spi/awtosxProvider> (0x00000007824a5d10) 
thrown [/scratch/mesos/slaves/fcf4c0c4-d73e-4321-860c-6613427db92b-S2452/frameworks/1735e8a2-a1db-478c-8104-60c8b0af87dd-0196/executors/ab12d1f8-defd-4a26-b83a-82b67c14bc8d/runs/ad8904cf-d9a8-428f-8f86-4d88be7b86bd/workspace/open/src/hotspot/share/classfile/systemDictionary.cpp, line 232]

Events (20 events):
Event: 40.602 loading class javax/imageio/plugins/tiff/TIFFField
Event: 40.606 loading class javax/imageio/plugins/tiff/TIFFField done
Event: 40.606 loading class com/sun/imageio/plugins/tiff/TIFFIFD$TIFFIFDEntry
Event: 40.606 loading class com/sun/imageio/plugins/tiff/TIFFIFD$TIFFIFDEntry done
Event: 40.607 loading class com/sun/imageio/plugins/tiff/TIFFDecompressor
Event: 40.608 loading class com/sun/imageio/plugins/tiff/TIFFDecompressor done
Event: 40.608 loading class com/sun/imageio/plugins/common/ImageUtil
Event: 40.609 loading class com/sun/imageio/plugins/common/ImageUtil done
Event: 40.609 Executing VM operation: G1CollectForAllocation
Event: 40.614 Executing VM operation: G1CollectForAllocation done
Event: 40.614 loading class com/sun/imageio/plugins/tiff/TIFFNullDecompressor
Event: 40.615 loading class com/sun/imageio/plugins/tiff/TIFFNullDecompressor done
Event: 40.615 loading class com/sun/imageio/plugins/tiff/TIFFImageWriter
Event: 40.616 loading class com/sun/imageio/plugins/tiff/TIFFImageWriter done
Event: 40.636 loading class java/lang/StrictMath
Event: 40.640 loading class java/lang/StrictMath done
Event: 40.641 loading class com/sun/jna/Native$Buffers
Event: 40.641 loading class com/sun/jna/Native$Buffers done
Event: 40.659 Executing VM operation: G1Concurrent
Event: 40.663 Executing VM operation: G1Concurrent done


Dynamic libraries:
0x00007fff5eaeb000 	/usr/lib/libz.1.dylib
0x000000010c238000 	/Library/Java/JavaVirtualMachines/jdk-13.0.1.jdk/Contents/Home/lib/libjli.dylib
0x00007fff32c27000 	/System/Library/Frameworks/Cocoa.framework/Versions/A/Cocoa
0x00007fff3e9d4000 	/System/Library/Frameworks/Security.framework/Versions/A/Security
0x00007fff318ba000 	/System/Library/Frameworks/ApplicationServices.framework/Versions/A/ApplicationServices
0x00007fff5c442000 	/usr/lib/libSystem.B.dylib
0x00007fff5f2e1000 	/usr/lib/system/libcache.dylib
0x00007fff5f2e6000 	/usr/lib/system/libcommonCrypto.dylib
0x00007fff5f2f1000 	/usr/lib/system/libcompiler_rt.dylib
0x00007fff5f2f9000 	/usr/lib/system/libcopyfile.dylib
0x00007fff5f303000 	/usr/lib/system/libcorecrypto.dylib
0x00007fff5f40e000 	/usr/lib/system/libdispatch.dylib
0x00007fff5f448000 	/usr/lib/system/libdyld.dylib
0x00007fff5f475000 	/usr/lib/system/libkeymgr.dylib
0x00007fff5f483000 	/usr/lib/system/liblaunch.dylib
0x00007fff5f484000 	/usr/lib/system/libmacho.dylib
0x00007fff5f48a000 	/usr/lib/system/libquarantine.dylib
0x00007fff5f48d000 	/usr/lib/system/libremovefile.dylib
0x00007fff5f48f000 	/usr/lib/system/libsystem_asl.dylib
0x00007fff5f4a7000 	/usr/lib/system/libsystem_blocks.dylib
0x00007fff5f4a8000 	/usr/lib/system/libsystem_c.dylib
0x00007fff5f530000 	/usr/lib/system/libsystem_configuration.dylib
0x00007fff5f534000 	/usr/lib/system/libsystem_coreservices.dylib
0x00007fff5f538000 	/usr/lib/system/libsystem_darwin.dylib
0x00007fff5f53f000 	/usr/lib/system/libsystem_dnssd.dylib
0x00007fff5f546000 	/usr/lib/system/libsystem_info.dylib
0x00007fff5f5bb000 	/usr/lib/system/libsystem_m.dylib
0x00007fff5f607000 	/usr/lib/system/libsystem_malloc.dylib
0x00007fff5f632000 	/usr/lib/system/libsystem_networkextension.dylib
0x00007fff5f63d000 	/usr/lib/system/libsystem_notify.dylib
0x00007fff5f65a000 	/usr/lib/system/libsystem_sandbox.dylib
0x00007fff5f65e000 	/usr/lib/system/libsystem_secinit.dylib
0x00007fff5f592000 	/usr/lib/system/libsystem_kernel.dylib
0x00007fff5f645000 	/usr/lib/system/libsystem_platform.dylib
0x00007fff5f64f000 	/usr/lib/system/libsystem_pthread.dylib
0x00007fff5f661000 	/usr/lib/system/libsystem_symptoms.dylib
0x00007fff5f669000 	/usr/lib/system/libsystem_trace.dylib
0x00007fff5f680000 	/usr/lib/system/libunwind.dylib
0x00007fff5f686000 	/usr/lib/system/libxpc.dylib
0x00007fff5dc7b000 	/usr/lib/libobjc.A.dylib
0x00007fff5c6db000 	/usr/lib/libc++abi.dylib
0x00007fff5c687000 	/usr/lib/libc++.1.dylib
0x00007fff3349c000 	/System/Library/Frameworks/CoreFoundation.framework/Versions/A/CoreFoundation
0x00007fff35720000 	/System/Library/Frameworks/Foundation.framework/Versions/C/Foundation
0x00007fff30ab3000 	/System/Library/Frameworks/AppKit.framework/Versions/C/AppKit
0x00007fff33025000 	/System/Library/Frameworks/CoreData.framework/Versions/A/CoreData
0x00007fff55f07000 	/System/Library/PrivateFrameworks/RemoteViewServices.framework/Versions/A/RemoteViewServices
0x00007fff5a17e000 	/System/Library/PrivateFrameworks/UIFoundation.framework/Versions/A/UIFoundation
0x00007fff5b863000 	/System/Library/PrivateFrameworks/XCTTargetBootstrap.framework/Versions/A/XCTTargetBootstrap
0x00007fff333ab000 	/System/Library/Frameworks/CoreDisplay.framework/Versions/A/CoreDisplay
0x00007fff50c1c000 	/System/Library/PrivateFrameworks/IconServices.framework/Versions/A/IconServices
0x00007fff38041000 	/System/Library/Frameworks/Metal.framework/Versions/A/Metal
0x00007fff4815f000 	/System/Library/PrivateFrameworks/DesktopServicesPriv.framework/Versions/A/DesktopServicesPriv
0x00007fff5cfde000 	/usr/lib/libenergytrace.dylib
0x00007fff58665000 	/System/Library/PrivateFrameworks/SkyLight.framework/Versions/A/SkyLight
0x00007fff338e3000 	/System/Library/Frameworks/CoreGraphics.framework/Versions/A/CoreGraphics
0x00007fff2f87f000 	/System/Library/Frameworks/Accelerate.framework/Versions/A/Accelerate
0x00007fff35e69000 	/System/Library/Frameworks/IOSurface.framework/Versions/A/IOSurface
0x00007fff47fcb000 	/System/Library/PrivateFrameworks/DFRFoundation.framework/Versions/A/DFRFoundation
0x00007fff31d9d000 	/System/Library/Frameworks/AudioToolbox.framework/Versions/A/AudioToolbox
0x00007fff32016000 	/System/Library/Frameworks/AudioUnit.framework/Versions/A/AudioUnit
0x00007fff48060000 	/System/Library/PrivateFrameworks/DataDetectorsCore.framework/Versions/A/DataDetectorsCore
0x00007fff3272a000 	/System/Library/Frameworks/Carbon.framework/Versions/A/Frameworks/HIToolbox.framework/Versions/A/HIToolbox
0x00007fff5d137000 	/usr/lib/libicucore.A.dylib
0x00007fff3df47000 	/System/Library/Frameworks/QuartzCore.framework/Versions/A/QuartzCore
0x00007fff32aff000 	/System/Library/Frameworks/Carbon.framework/Versions/A/Frameworks/SpeechRecognition.framework/Versions/A/SpeechRecognition
0x00007fff5c596000 	/usr/lib/libauto.dylib
0x00007fff5e9de000 	/usr/lib/libxml2.2.dylib
0x00007fff47ba6000 	/System/Library/PrivateFrameworks/CoreUI.framework/Versions/A/CoreUI
0x00007fff32f10000 	/System/Library/Frameworks/CoreAudio.framework/Versions/A/CoreAudio
0x00007fff35555000 	/System/Library/Frameworks/DiskArbitration.framework/Versions/A/DiskArbitration
0x00007fff5d3e5000 	/usr/lib/liblangid.dylib
0x00007fff5204c000 	/System/Library/PrivateFrameworks/MultitouchSupport.framework/Versions/A/MultitouchSupport
0x00007fff35dd8000 	/System/Library/Frameworks/IOKit.framework/Versions/A/IOKit
0x00007fff5c002000 	/usr/lib/libDiagnosticMessagesClient.dylib
0x00007fff346f3000 	/System/Library/Frameworks/CoreServices.framework/Versions/A/CoreServices
0x00007fff53d06000 	/System/Library/PrivateFrameworks/PerformanceAnalysis.framework/Versions/A/PerformanceAnalysis
0x00007fff3d12e000 	/System/Library/Frameworks/OpenGL.framework/Versions/A/OpenGL
0x00007fff32c35000 	/System/Library/Frameworks/ColorSync.framework/Versions/A/ColorSync
0x00007fff33f75000 	/System/Library/Frameworks/CoreImage.framework/Versions/A/CoreImage
0x00007fff350cb000 	/System/Library/Frameworks/CoreText.framework/Versions/A/CoreText
0x00007fff35ecc000 	/System/Library/Frameworks/ImageIO.framework/Versions/A/ImageIO
0x00007fff441f8000 	/System/Library/PrivateFrameworks/Backup.framework/Versions/A/Backup
0x00007fff5c4e9000 	/usr/lib/libarchive.2.dylib
0x00007fff3236f000 	/System/Library/Frameworks/CFNetwork.framework/Versions/A/CFNetwork
0x00007fff3f130000 	/System/Library/Frameworks/SystemConfiguration.framework/Versions/A/SystemConfiguration
0x00007fff5bf33000 	/usr/lib/libCRFSuite.dylib
0x00007fff5c668000 	/usr/lib/libbsm.0.dylib
0x00007fff5f476000 	/usr/lib/system/libkxld.dylib
0x00007fff435e9000 	/System/Library/PrivateFrameworks/AppleFSCompression.framework/Versions/A/AppleFSCompression
0x00007fff5c302000 	/usr/lib/libOpenScriptingUtil.dylib
0x00007fff5c990000 	/usr/lib/libcoretls.dylib
0x00007fff5c9a7000 	/usr/lib/libcoretls_cfhelpers.dylib
0x00007fff5e412000 	/usr/lib/libpam.2.dylib
0x00007fff5e5d2000 	/usr/lib/libsqlite3.dylib
0x00007fff5e9cc000 	/usr/lib/libxar.1.dylib
0x00007fff5c679000 	/usr/lib/libbz2.1.0.dylib
0x00007fff5d3e7000 	/usr/lib/liblzma.5.dylib
0x00007fff5d898000 	/usr/lib/libnetwork.dylib
0x00007fff5c4d2000 	/usr/lib/libapple_nghttp2.dylib
0x00007fff5e419000 	/usr/lib/libpcap.A.dylib
0x00007fff34a92000 	/System/Library/Frameworks/CoreServices.framework/Versions/A/Frameworks/FSEvents.framework/Versions/A/FSEvents
0x00007fff34771000 	/System/Library/Frameworks/CoreServices.framework/Versions/A/Frameworks/CarbonCore.framework/Versions/A/CarbonCore
0x00007fff34c4d000 	/System/Library/Frameworks/CoreServices.framework/Versions/A/Frameworks/Metadata.framework/Versions/A/Metadata
0x00007fff34cec000 	/System/Library/Frameworks/CoreServices.framework/Versions/A/Frameworks/OSServices.framework/Versions/A/OSServices
0x00007fff34d37000 	/System/Library/Frameworks/CoreServices.framework/Versions/A/Frameworks/SearchKit.framework/Versions/A/SearchKit
0x00007fff346f4000 	/System/Library/Frameworks/CoreServices.framework/Versions/A/Frameworks/AE.framework/Versions/A/AE
0x00007fff34a9b000 	/System/Library/Frameworks/CoreServices.framework/Versions/A/Frameworks/LaunchServices.framework/Versions/A/LaunchServices
0x00007fff34a49000 	/System/Library/Frameworks/CoreServices.framework/Versions/A/Frameworks/DictionaryServices.framework/Versions/A/DictionaryServices
0x00007fff34d9f000 	/System/Library/Frameworks/CoreServices.framework/Versions/A/Frameworks/SharedFileList.framework/Versions/A/SharedFileList
0x00007fff39109000 	/System/Library/Frameworks/NetFS.framework/Versions/A/NetFS
0x00007fff522b2000 	/System/Library/PrivateFrameworks/NetAuth.framework/Versions/A/NetAuth
0x00007fff5bc67000 	/System/Library/PrivateFrameworks/login.framework/Versions/A/Frameworks/loginsupport.framework/Versions/A/loginsupport
0x00007fff59d87000 	/System/Library/PrivateFrameworks/TCC.framework/Versions/A/TCC
0x00007fff47203000 	/System/Library/PrivateFrameworks/CoreNLP.framework/Versions/A/CoreNLP
0x00007fff51d22000 	/System/Library/PrivateFrameworks/MetadataUtilities.framework/Versions/A/MetadataUtilities
0x00007fff5d4bc000 	/usr/lib/libmecabra.dylib
0x00007fff318bb000 	/System/Library/Frameworks/ApplicationServices.framework/Versions/A/Frameworks/ATS.framework/Versions/A/ATS
0x00007fff31c0a000 	/System/Library/Frameworks/ApplicationServices.framework/Versions/A/Frameworks/ColorSyncLegacy.framework/Versions/A/ColorSyncLegacy
0x00007fff31ca9000 	/System/Library/Frameworks/ApplicationServices.framework/Versions/A/Frameworks/HIServices.framework/Versions/A/HIServices
0x00007fff31cfc000 	/System/Library/Frameworks/ApplicationServices.framework/Versions/A/Frameworks/LangAnalysis.framework/Versions/A/LangAnalysis
0x00007fff31d0c000 	/System/Library/Frameworks/ApplicationServices.framework/Versions/A/Frameworks/PrintCore.framework/Versions/A/PrintCore
0x00007fff31d56000 	/System/Library/Frameworks/ApplicationServices.framework/Versions/A/Frameworks/QD.framework/Versions/A/QD
0x00007fff31d90000 	/System/Library/Frameworks/ApplicationServices.framework/Versions/A/Frameworks/SpeechSynthesis.framework/Versions/A/SpeechSynthesis
0x00007fff5c703000 	/usr/lib/libcompression.dylib
0x00007fff38311000 	/System/Library/Frameworks/MetalPerformanceShaders.framework/Versions/A/MetalPerformanceShaders
0x00007fff2f897000 	/System/Library/Frameworks/Accelerate.framework/Versions/A/Frameworks/vImage.framework/Versions/A/vImage
0x00007fff30911000 	/System/Library/Frameworks/Accelerate.framework/Versions/A/Frameworks/vecLib.framework/Versions/A/vecLib
0x00007fff3085d000 	/System/Library/Frameworks/Accelerate.framework/Versions/A/Frameworks/vecLib.framework/Versions/A/libvMisc.dylib
0x00007fff30675000 	/System/Library/Frameworks/Accelerate.framework/Versions/A/Frameworks/vecLib.framework/Versions/A/libvDSP.dylib
0x00007fff2ff31000 	/System/Library/Frameworks/Accelerate.framework/Versions/A/Frameworks/vecLib.framework/Versions/A/libBLAS.dylib
0x00007fff3021e000 	/System/Library/Frameworks/Accelerate.framework/Versions/A/Frameworks/vecLib.framework/Versions/A/libLAPACK.dylib
0x00007fff305c8000 	/System/Library/Frameworks/Accelerate.framework/Versions/A/Frameworks/vecLib.framework/Versions/A/libLinearAlgebra.dylib
0x00007fff30661000 	/System/Library/Frameworks/Accelerate.framework/Versions/A/Frameworks/vecLib.framework/Versions/A/libSparseBLAS.dylib
0x00007fff305de000 	/System/Library/Frameworks/Accelerate.framework/Versions/A/Frameworks/vecLib.framework/Versions/A/libQuadrature.dylib
0x00007fff301ab000 	/System/Library/Frameworks/Accelerate.framework/Versions/A/Frameworks/vecLib.framework/Versions/A/libBNNS.dylib
0x00007fff305e4000 	/System/Library/Frameworks/Accelerate.framework/Versions/A/Frameworks/vecLib.framework/Versions/A/libSparse.dylib
0x00007fff4e551000 	/System/Library/PrivateFrameworks/GPUWrangler.framework/Versions/A/GPUWrangler
0x00007fff50851000 	/System/Library/PrivateFrameworks/IOAccelerator.framework/Versions/A/IOAccelerator
0x00007fff5085c000 	/System/Library/PrivateFrameworks/IOPresentment.framework/Versions/A/IOPresentment
0x00007fff47fdb000 	/System/Library/PrivateFrameworks/DSExternalDisplay.framework/Versions/A/DSExternalDisplay
0x00007fff3c585000 	/System/Library/Frameworks/OpenGL.framework/Versions/A/Libraries/libCoreFSCache.dylib
0x00007fff38105000 	/System/Library/Frameworks/MetalPerformanceShaders.framework/Frameworks/MPSCore.framework/Versions/A/MPSCore
0x00007fff38125000 	/System/Library/Frameworks/MetalPerformanceShaders.framework/Frameworks/MPSImage.framework/Versions/A/MPSImage
0x00007fff381ca000 	/System/Library/Frameworks/MetalPerformanceShaders.framework/Frameworks/MPSNeuralNetwork.framework/Versions/A/MPSNeuralNetwork
0x00007fff381a2000 	/System/Library/Frameworks/MetalPerformanceShaders.framework/Frameworks/MPSMatrix.framework/Versions/A/MPSMatrix
0x00007fff382f6000 	/System/Library/Frameworks/MetalPerformanceShaders.framework/Frameworks/MPSRayIntersector.framework/Versions/A/MPSRayIntersector
0x00007fff51d4b000 	/System/Library/PrivateFrameworks/MetalTools.framework/Versions/A/MetalTools
0x00007fff42e93000 	/System/Library/PrivateFrameworks/AggregateDictionary.framework/Versions/A/AggregateDictionary
0x00007fff5c2e2000 	/usr/lib/libMobileGestalt.dylib
0x00007fff3522e000 	/System/Library/Frameworks/CoreVideo.framework/Versions/A/CoreVideo
0x00007fff4f362000 	/System/Library/PrivateFrameworks/GraphVisualizer.framework/Versions/A/GraphVisualizer
0x00007fff491e1000 	/System/Library/PrivateFrameworks/FaceCore.framework/Versions/A/FaceCore
0x00007fff3bbb3000 	/System/Library/Frameworks/OpenCL.framework/Versions/A/OpenCL
0x00007fff5c03a000 	/usr/lib/libFosl_dynamic.dylib
0x00007fff52b1d000 	/System/Library/PrivateFrameworks/OTSVG.framework/Versions/A/OTSVG
0x00007fff319bf000 	/System/Library/Frameworks/ApplicationServices.framework/Versions/A/Frameworks/ATS.framework/Versions/A/Resources/libFontParser.dylib
0x00007fff31ad7000 	/System/Library/Frameworks/ApplicationServices.framework/Versions/A/Frameworks/ATS.framework/Versions/A/Resources/libFontRegistry.dylib
0x00007fff3613a000 	/System/Library/Frameworks/ImageIO.framework/Versions/A/Resources/libJPEG.dylib
0x00007fff3644c000 	/System/Library/Frameworks/ImageIO.framework/Versions/A/Resources/libTIFF.dylib
0x00007fff36422000 	/System/Library/Frameworks/ImageIO.framework/Versions/A/Resources/libPng.dylib
0x00007fff36058000 	/System/Library/Frameworks/ImageIO.framework/Versions/A/Resources/libGIF.dylib
0x00007fff3605d000 	/System/Library/Frameworks/ImageIO.framework/Versions/A/Resources/libJP2.dylib
0x00007fff36449000 	/System/Library/Frameworks/ImageIO.framework/Versions/A/Resources/libRadiance.dylib
0x00007fff43740000 	/System/Library/PrivateFrameworks/AppleJPEG.framework/Versions/A/AppleJPEG
0x00007fff3c590000 	/System/Library/Frameworks/OpenGL.framework/Versions/A/Libraries/libGFXShared.dylib
0x00007fff3c753000 	/System/Library/Frameworks/OpenGL.framework/Versions/A/Libraries/libGLU.dylib
0x00007fff3c599000 	/System/Library/Frameworks/OpenGL.framework/Versions/A/Libraries/libGL.dylib
0x00007fff3c5a5000 	/System/Library/Frameworks/OpenGL.framework/Versions/A/Libraries/libGLImage.dylib
0x00007fff3c582000 	/System/Library/Frameworks/OpenGL.framework/Versions/A/Libraries/libCVMSPluginSupport.dylib
0x00007fff3c58b000 	/System/Library/Frameworks/OpenGL.framework/Versions/A/Libraries/libCoreVMClient.dylib
0x00007fff5ce54000 	/usr/lib/libcups.2.dylib
0x00007fff3760c000 	/System/Library/Frameworks/Kerberos.framework/Versions/A/Kerberos
0x00007fff35b3c000 	/System/Library/Frameworks/GSS.framework/Versions/A/GSS
0x00007fff5e567000 	/usr/lib/libresolv.9.dylib
0x00007fff5d046000 	/usr/lib/libiconv.2.dylib
0x00007fff4f4d7000 	/System/Library/PrivateFrameworks/Heimdal.framework/Versions/A/Heimdal
0x00007fff5d016000 	/usr/lib/libheimdal-asn1.dylib
0x00007fff3bc27000 	/System/Library/Frameworks/OpenDirectory.framework/Versions/A/OpenDirectory
0x00007fff45f66000 	/System/Library/PrivateFrameworks/CommonAuth.framework/Versions/A/CommonAuth
0x00007fff3bc0b000 	/System/Library/Frameworks/OpenDirectory.framework/Versions/A/Frameworks/CFOpenDirectory.framework/Versions/A/CFOpenDirectory
0x00007fff3ecd5000 	/System/Library/Frameworks/SecurityFoundation.framework/Versions/A/SecurityFoundation
0x00007fff423d9000 	/System/Library/PrivateFrameworks/APFS.framework/Versions/A/APFS
0x00007fff5e9c8000 	/usr/lib/libutil.dylib
0x00007fff5c6f1000 	/usr/lib/libcharset.1.dylib
0x00007fff439dd000 	/System/Library/PrivateFrameworks/AppleSauce.framework/Versions/A/AppleSauce
0x00007fff43b5e000 	/System/Library/PrivateFrameworks/AssertionServices.framework/Versions/A/AssertionServices
0x00007fff4428e000 	/System/Library/PrivateFrameworks/BaseBoard.framework/Versions/A/BaseBoard
0x00007fff5d417000 	/usr/lib/libmecab.1.0.0.dylib
0x00007fff5d010000 	/usr/lib/libgermantok.dylib
0x00007fff5c4bf000 	/usr/lib/libThaiTokenizer.dylib
0x00007fff5bf6a000 	/usr/lib/libChineseTokenizer.dylib
0x00007fff50f09000 	/System/Library/PrivateFrameworks/LanguageModeling.framework/Versions/A/LanguageModeling
0x00007fff46c48000 	/System/Library/PrivateFrameworks/CoreEmoji.framework/Versions/A/CoreEmoji
0x00007fff50fe5000 	/System/Library/PrivateFrameworks/Lexicon.framework/Versions/A/Lexicon
0x00007fff51028000 	/System/Library/PrivateFrameworks/LinguisticData.framework/Versions/A/LinguisticData
0x00007fff5c6f2000 	/usr/lib/libcmph.dylib
0x00007fff3ed93000 	/System/Library/Frameworks/ServiceManagement.framework/Versions/A/ServiceManagement
0x00007fff441ef000 	/System/Library/PrivateFrameworks/BackgroundTaskManagement.framework/Versions/A/BackgroundTaskManagement
0x00007fff5eac2000 	/usr/lib/libxslt.1.dylib
0x00007fff32a2c000 	/System/Library/Frameworks/Carbon.framework/Versions/A/Frameworks/Ink.framework/Versions/A/Ink
0x00007fff59ff9000 	/System/Library/PrivateFrameworks/TextureIO.framework/Versions/A/TextureIO
0x00007fff5c513000 	/usr/lib/libate.dylib
0x00007fff47f2a000 	/System/Library/PrivateFrameworks/CrashReporterSupport.framework/Versions/A/CrashReporterSupport
0x00007fff57733000 	/System/Library/PrivateFrameworks/Sharing.framework/Versions/A/Sharing
0x00007fff43f41000 	/System/Library/PrivateFrameworks/AuthKit.framework/Versions/A/AuthKit
0x00007fff43495000 	/System/Library/PrivateFrameworks/Apple80211.framework/Versions/A/Apple80211
0x00007fff47cd2000 	/System/Library/PrivateFrameworks/CoreUtils.framework/Versions/A/CoreUtils
0x00007fff3526f000 	/System/Library/Frameworks/CoreWLAN.framework/Versions/A/CoreWLAN
0x00007fff35c6b000 	/System/Library/Frameworks/IOBluetooth.framework/Versions/A/IOBluetooth
0x00007fff55ba7000 	/System/Library/PrivateFrameworks/ProtocolBuffer.framework/Versions/A/ProtocolBuffer
0x00007fff51fa8000 	/System/Library/PrivateFrameworks/MobileKeyBag.framework/Versions/A/MobileKeyBag
0x00007fff47516000 	/System/Library/PrivateFrameworks/CorePhoneNumbers.framework/Versions/A/CorePhoneNumbers
0x00007fff436f4000 	/System/Library/PrivateFrameworks/AppleIDAuthSupport.framework/Versions/A/AppleIDAuthSupport
0x00007fff50edc000 	/System/Library/PrivateFrameworks/KeychainCircle.framework/Versions/A/KeychainCircle
0x00007fff55d5d000 	/System/Library/PrivateFrameworks/ROCKit.framework/Versions/A/ROCKit
0x00007fff47ec6000 	/System/Library/PrivateFrameworks/CoreWiFi.framework/Versions/A/CoreWiFi
0x00007fff32ffa000 	/System/Library/Frameworks/CoreBluetooth.framework/Versions/A/CoreBluetooth
0x00007fff48121000 	/System/Library/PrivateFrameworks/DebugSymbols.framework/Versions/A/DebugSymbols
0x00007fff47a92000 	/System/Library/PrivateFrameworks/CoreSymbolication.framework/Versions/A/CoreSymbolication
0x00007fff59814000 	/System/Library/PrivateFrameworks/Symbolication.framework/Versions/A/Symbolication
0x00007fff590b7000 	/System/Library/PrivateFrameworks/SpeechRecognitionCore.framework/Versions/A/SpeechRecognitionCore
0x000000010c25d000 	/Library/Java/JavaVirtualMachines/jdk-13.0.1.jdk/Contents/Home/lib/server/libjvm.dylib
0x000000010d03e000 	/Library/Java/JavaVirtualMachines/jdk-13.0.1.jdk/Contents/Home/lib/libverify.dylib
0x000000010d04a000 	/Library/Java/JavaVirtualMachines/jdk-13.0.1.jdk/Contents/Home/lib/libjava.dylib
0x000000010d0cf000 	/Library/Java/JavaVirtualMachines/jdk-13.0.1.jdk/Contents/Home/lib/libzip.dylib
0x000000010d0d6000 	/Library/Java/JavaVirtualMachines/jdk-13.0.1.jdk/Contents/Home/lib/libjimage.dylib
0x000000010d1f2000 	/Library/Java/JavaVirtualMachines/jdk-13.0.1.jdk/Contents/Home/lib/libnio.dylib
0x000000011bd72000 	/Library/Java/JavaVirtualMachines/jdk-13.0.1.jdk/Contents/Home/lib/./libnet.dylib
0x000000011be0d000 	/Library/Java/JavaVirtualMachines/jdk-13.0.1.jdk/Contents/Home/lib/libmanagement.dylib
0x000000011be12000 	/Library/Java/JavaVirtualMachines/jdk-13.0.1.jdk/Contents/Home/lib/libmanagement_ext.dylib
0x000000011be2a000 	/Library/Java/JavaVirtualMachines/jdk-13.0.1.jdk/Contents/Home/lib/libextnet.dylib
0x000000012d1e3000 	/Library/Java/JavaVirtualMachines/jdk-13.0.1.jdk/Contents/Home/lib/libsunec.dylib
0x000000012d0ec000 	/Library/Java/JavaVirtualMachines/jdk-13.0.1.jdk/Contents/Home/lib/libawt.dylib
0x000000012d67e000 	/Library/Java/JavaVirtualMachines/jdk-13.0.1.jdk/Contents/Home/lib/./libmlib_image.dylib
0x00007fff375f5000 	/System/Library/Frameworks/JavaVM.framework/Versions/A/Frameworks/JavaNativeFoundation.framework/Versions/A/JavaNativeFoundation
0x00007fff375fe000 	/System/Library/Frameworks/JavaVM.framework/Versions/A/Frameworks/JavaRuntimeSupport.framework/Versions/A/JavaRuntimeSupport
0x00007fff37607000 	/System/Library/Frameworks/JavaVM.framework/Versions/A/JavaVM
0x00007fff50dfb000 	/System/Library/PrivateFrameworks/JavaLaunching.framework/Versions/A/JavaLaunching
0x00007fff32725000 	/System/Library/Frameworks/Carbon.framework/Versions/A/Carbon
0x00007fff32726000 	/System/Library/Frameworks/Carbon.framework/Versions/A/Frameworks/CommonPanels.framework/Versions/A/CommonPanels
0x00007fff32a22000 	/System/Library/Frameworks/Carbon.framework/Versions/A/Frameworks/Help.framework/Versions/A/Help
0x00007fff32a26000 	/System/Library/Frameworks/Carbon.framework/Versions/A/Frameworks/ImageCapture.framework/Versions/A/ImageCapture
0x00007fff32ac2000 	/System/Library/Frameworks/Carbon.framework/Versions/A/Frameworks/OpenScripting.framework/Versions/A/OpenScripting
0x00007fff32afa000 	/System/Library/Frameworks/Carbon.framework/Versions/A/Frameworks/Print.framework/Versions/A/Print
0x00007fff32afc000 	/System/Library/Frameworks/Carbon.framework/Versions/A/Frameworks/SecurityHI.framework/Versions/A/SecurityHI
0x000000012d702000 	/Library/Java/JavaVirtualMachines/jdk-13.0.1.jdk/Contents/Home/lib/libawt_lwawt.dylib
0x000000011beae000 	/Library/Java/JavaVirtualMachines/jdk-13.0.1.jdk/Contents/Home/lib/./libosxapp.dylib
0x00007fff356f9000 	/System/Library/Frameworks/ExceptionHandling.framework/Versions/A/ExceptionHandling
0x000000012d075000 	/Library/Java/JavaVirtualMachines/jdk-13.0.1.jdk/Contents/Home/lib/libjavajpeg.dylib
0x000000012f15b000 	/Library/Java/JavaVirtualMachines/jdk-13.0.1.jdk/Contents/Home/lib/libfontmanager.dylib
0x000000012ee6f000 	/Library/Java/JavaVirtualMachines/jdk-13.0.1.jdk/Contents/Home/lib/./libfreetype.dylib
0x000000012d00b000 	/private/var/folders/5f/ztc0crr17gq_493vpfs2pph00000gn/T/jna--7455465/jna16948319782133099929.tmp
0x000000012f459000 	/usr/local/lib/libtesseract.dylib
0x000000012fac2000 	/usr/local/opt/leptonica/lib/liblept.5.dylib
0x00007fff5ced3000 	/usr/lib/libcurl.4.dylib
0x000000012d0b2000 	/usr/local/opt/libpng/lib/libpng16.16.dylib
0x000000012d608000 	/usr/local/opt/jpeg/lib/libjpeg.9.dylib
0x000000011be21000 	/usr/local/opt/giflib/lib/libgif.dylib
0x000000012e7fd000 	/usr/local/opt/libtiff/lib/libtiff.5.dylib
0x000000011be58000 	/usr/local/opt/webp/lib/libwebpmux.3.dylib
0x000000012f6d7000 	/usr/local/opt/webp/lib/libwebp.7.dylib
0x000000012d63d000 	/usr/local/opt/openjpeg/lib/libopenjp2.7.dylib
0x00007fff5cd40000 	/usr/lib/libcrypto.42.dylib
0x00007fff5e873000 	/usr/lib/libssl.44.dylib
0x00007fff37626000 	/System/Library/Frameworks/LDAP.framework/Versions/A/LDAP
0x00007fff5a177000 	/System/Library/PrivateFrameworks/TrustEvaluationAgent.framework/Versions/A/TrustEvaluationAgent
0x00007fff5e5bd000 	/usr/lib/libsasl2.2.dylib
0x00007fff46a45000 	/System/Library/PrivateFrameworks/CoreDaemon.framework/Versions/B/CoreDaemon
0x00007fff439d8000 	/System/Library/PrivateFrameworks/AppleSRP.framework/Versions/A/AppleSRP


VM Arguments:
jvm_args: -Dfile.encoding=UTF-8 
java_command: com.Anthony.server.ServerApplication
java_class_path (initial): /Users/anthonychoi98/Documents/GitHub/my-app/server/target/classes:/Users/anthonychoi98/.m2/repository/org/springframework/boot/spring-boot-starter-web/2.2.5.RELEASE/spring-boot-starter-web-2.2.5.RELEASE.jar:/Users/anthonychoi98/.m2/repository/org/springframework/boot/spring-boot-starter/2.2.5.RELEASE/spring-boot-starter-2.2.5.RELEASE.jar:/Users/anthonychoi98/.m2/repository/org/springframework/boot/spring-boot/2.2.5.RELEASE/spring-boot-2.2.5.RELEASE.jar:/Users/anthonychoi98/.m2/repository/org/springframework/boot/spring-boot-autoconfigure/2.2.5.RELEASE/spring-boot-autoconfigure-2.2.5.RELEASE.jar:/Users/anthonychoi98/.m2/repository/org/springframework/boot/spring-boot-starter-logging/2.2.5.RELEASE/spring-boot-starter-logging-2.2.5.RELEASE.jar:/Users/anthonychoi98/.m2/repository/org/apache/logging/log4j/log4j-to-slf4j/2.12.1/log4j-to-slf4j-2.12.1.jar:/Users/anthonychoi98/.m2/repository/org/apache/logging/log4j/log4j-api/2.12.1/log4j-api-2.12.1.jar:/Users/anthonychoi98/.m2/repository/jakarta/annotation/jakarta.annotation-api/1.3.5/jakarta.annotation-api-1.3.5.jar:/Users/anthonychoi98/.m2/repository/org/yaml/snakeyaml/1.25/snakeyaml-1.25.jar:/Users/anthonychoi98/.m2/repository/org/springframework/boot/spring-boot-starter-json/2.2.5.RELEASE/spring-boot-starter-json-2.2.5.RELEASE.jar:/Users/anthonychoi98/.m2/repository/com/fasterxml/jackson/datatype/jackson-datatype-jdk8/2.10.2/jackson-datatype-jdk8-2.10.2.jar:/Users/anthonychoi98/.m2/repository/com/fasterxml/jackson/datatype/jackson-datatype-jsr310/2.10.2/jackson-datatype-jsr310-2.10.2.jar:/Users/anthonychoi98/.m2/repository/com/fasterxml/jackson/module/jackson-module-parameter-names/2.10.2/jackson-module-parameter-names-2.10.2.jar:/Users/anthonychoi98/.m2/repository/org/springframework/boot/spring-boot-starter-tomcat/2.2.5.RELEASE/spring-boot-starter-tomcat-2.2.5.RELEASE.jar:/Users/anthonychoi98/.m2/repository/org/apache/tomcat/embed/tomcat-embed-core/9.0.31/tomcat-embed-core-9.0.31.jar:/Use
Launcher Type: SUN_STANDARD

[Global flags]
     intx CICompilerCount                          = 3                                         {product} {ergonomic}
     uint ConcGCThreads                            = 1                                         {product} {ergonomic}
     uint G1ConcRefinementThreads                  = 4                                         {product} {ergonomic}
   size_t G1HeapRegionSize                         = 1048576                                   {product} {ergonomic}
    uintx GCDrainStackTargetSize                   = 64                                        {product} {ergonomic}
   size_t InitialHeapSize                          = 134217728                                 {product} {ergonomic}
   size_t MarkStackSize                            = 4194304                                   {product} {ergonomic}
   size_t MaxHeapSize                              = 2147483648                                {product} {ergonomic}
   size_t MaxNewSize                               = 1287651328                                {product} {ergonomic}
   size_t MinHeapDeltaBytes                        = 1048576                                   {product} {ergonomic}
   size_t MinHeapSize                              = 8388608                                   {product} {ergonomic}
    uintx NonNMethodCodeHeapSize                   = 5830732                                {pd product} {ergonomic}
    uintx NonProfiledCodeHeapSize                  = 122913754                              {pd product} {ergonomic}
    uintx ProfiledCodeHeapSize                     = 122913754                              {pd product} {ergonomic}
    uintx ReservedCodeCacheSize                    = 251658240                              {pd product} {ergonomic}
     bool SegmentedCodeCache                       = true                                      {product} {ergonomic}
   size_t SoftMaxHeapSize                          = 2147483648                             {manageable} {ergonomic}
     bool UseCompressedClassPointers               = true                                 {lp64_product} {ergonomic}
     bool UseCompressedOops                        = true                                 {lp64_product} {ergonomic}
     bool UseG1GC                                  = true                                      {product} {ergonomic}

Logging:
Log output configuration:
 #0: stdout all=warning uptime,level,tags
 #1: stderr all=off uptime,level,tags

Environment Variables:
PATH=/usr/local/mysql/bin:/Library/Frameworks/Python.framework/Versions/3.7/bin:/Library/Frameworks/Python.framework/Versions/3.6/bin:/usr/local/bin:/usr/bin:/bin:/usr/sbin:/sbin:/usr/local/share/dotnet:~/.dotnet/tools:/Library/Frameworks/Mono.framework/Versions/Current/Commands
SHELL=/bin/bash

Signal Handlers:
SIGSEGV: [libjvm.dylib+0x781570], sa_mask[0]=11111111011111110111111111111111, sa_flags=SA_ONSTACK|SA_RESTART|SA_SIGINFO
SIGBUS: [libjvm.dylib+0x781570], sa_mask[0]=11111111011111110111111111111111, sa_flags=SA_RESTART|SA_SIGINFO
SIGFPE: [libjvm.dylib+0x781570], sa_mask[0]=11111111011111110111111111111111, sa_flags=SA_RESTART|SA_SIGINFO
SIGPIPE: [libjvm.dylib+0x627f75], sa_mask[0]=11111111011111110111111111111111, sa_flags=SA_RESTART|SA_SIGINFO
SIGXFSZ: [libjvm.dylib+0x627f75], sa_mask[0]=11111111011111110111111111111111, sa_flags=SA_RESTART|SA_SIGINFO
SIGILL: [libjvm.dylib+0x781570], sa_mask[0]=11111111011111110111111111111111, sa_flags=SA_RESTART|SA_SIGINFO
SIGUSR2: [libjvm.dylib+0x62855f], sa_mask[0]=00100000000000000000000000000000, sa_flags=SA_RESTART|SA_SIGINFO
SIGHUP: [libjvm.dylib+0x62754d], sa_mask[0]=11111111011111110111111111111111, sa_flags=SA_RESTART|SA_SIGINFO
SIGINT: [libjvm.dylib+0x62754d], sa_mask[0]=11111111011111110111111111111111, sa_flags=SA_RESTART|SA_SIGINFO
SIGTERM: [libjvm.dylib+0x62754d], sa_mask[0]=11111111011111110111111111111111, sa_flags=SA_RESTART|SA_SIGINFO
SIGQUIT: [libjvm.dylib+0x62754d], sa_mask[0]=11111111011111110111111111111111, sa_flags=SA_RESTART|SA_SIGINFO


---------------  S Y S T E M  ---------------

OS:uname:Darwin 18.7.0 Darwin Kernel Version 18.7.0: Sat Oct 12 00:02:19 PDT 2019; root:xnu-4903.278.12~1/RELEASE_X86_64 x86_64
rlimit: STACK 8192k, CORE 0k, NPROC 709, NOFILE 10240, AS infinity, DATA infinity, FSIZE infinity
load average:1.96 2.35 2.83

CPU:total 4 (initial active 4) (2 cores per cpu, 2 threads per core) family 6 model 142 stepping 9, cmov, cx8, fxsr, mmx, sse, sse2, sse3, ssse3, sse4.1, sse4.2, popcnt, avx, avx2, aes, clmul, erms, rtm, 3dnowpref, lzcnt, ht, tsc, tscinvbit, bmi1, bmi2, adx, fma

Memory: 4k page, physical 8388608k(43532k free), swap 2097152k(1163008k free)

vm_info: Java HotSpot(TM) 64-Bit Server VM (13.0.1+9) for bsd-amd64 JRE (13.0.1+9), built on Oct  6 2019 11:43:59 by "mach5one" with clang 4.2.1 Compatible Apple LLVM 10.0.0 (clang-1000.11.45.5)

END.
